Analysis & Synthesis report for aula02
Tue Oct 16 09:23:45 2018
Quartus Prime Version 16.0.0 Build 211 04/27/2016 SJ Lite Edition


---------------------
; Table of Contents ;
---------------------
  1. Legal Notice
  2. Analysis & Synthesis Summary
  3. Analysis & Synthesis Settings
  4. Parallel Compilation
  5. Analysis & Synthesis Source Files Read
  6. Analysis & Synthesis Resource Usage Summary
  7. Analysis & Synthesis Resource Utilization by Entity
  8. Registers Removed During Synthesis
  9. General Register Statistics
 10. Inverted Register Statistics
 11. Parameter Settings for User Entity Instance: Top-level Entity: |peripheral_LED
 12. Post-Synthesis Netlist Statistics for Top Partition
 13. Elapsed Time Per Partition
 14. Analysis & Synthesis Messages



----------------
; Legal Notice ;
----------------
Copyright (C) 1991-2016 Altera Corporation. All rights reserved.
Your use of Altera Corporation's design tools, logic functions 
and other software and tools, and its AMPP partner logic 
functions, and any output files from any of the foregoing 
(including device programming or simulation files), and any 
associated documentation or information are expressly subject 
to the terms and conditions of the Altera Program License 
Subscription Agreement, the Altera Quartus Prime License Agreement,
the Altera MegaCore Function License Agreement, or other 
applicable license agreement, including, without limitation, 
that your use is for the sole purpose of programming logic 
devices manufactured by Altera and sold by Altera or its 
authorized distributors.  Please refer to the applicable 
agreement for further details.



+-------------------------------------------------------------------------------+
; Analysis & Synthesis Summary                                                  ;
+---------------------------------+---------------------------------------------+
; Analysis & Synthesis Status     ; Successful - Tue Oct 16 09:23:45 2018       ;
; Quartus Prime Version           ; 16.0.0 Build 211 04/27/2016 SJ Lite Edition ;
; Revision Name                   ; aula02                                      ;
; Top-level Entity Name           ; peripheral_LED                              ;
; Family                          ; Cyclone V                                   ;
; Logic utilization (in ALMs)     ; N/A                                         ;
; Total registers                 ; 80                                          ;
; Total pins                      ; 77                                          ;
; Total virtual pins              ; 0                                           ;
; Total block memory bits         ; 0                                           ;
; Total DSP Blocks                ; 0                                           ;
; Total HSSI RX PCSs              ; 0                                           ;
; Total HSSI PMA RX Deserializers ; 0                                           ;
; Total HSSI TX PCSs              ; 0                                           ;
; Total HSSI PMA TX Serializers   ; 0                                           ;
; Total PLLs                      ; 0                                           ;
; Total DLLs                      ; 0                                           ;
+---------------------------------+---------------------------------------------+


+---------------------------------------------------------------------------------------------------------------------------+
; Analysis & Synthesis Settings                                                                                             ;
+---------------------------------------------------------------------------------+--------------------+--------------------+
; Option                                                                          ; Setting            ; Default Value      ;
+---------------------------------------------------------------------------------+--------------------+--------------------+
; Device                                                                          ; 5CSEBA6U23I7       ;                    ;
; Top-level entity name                                                           ; peripheral_LED     ; aula02             ;
; Family name                                                                     ; Cyclone V          ; Cyclone V          ;
; Use smart compilation                                                           ; Off                ; Off                ;
; Enable parallel Assembler and TimeQuest Timing Analyzer during compilation      ; On                 ; On                 ;
; Enable compact report table                                                     ; Off                ; Off                ;
; Restructure Multiplexers                                                        ; Auto               ; Auto               ;
; MLAB Add Timing Constraints For Mixed-Port Feed-Through Mode Setting Don't Care ; Off                ; Off                ;
; Create Debugging Nodes for IP Cores                                             ; Off                ; Off                ;
; Preserve fewer node names                                                       ; On                 ; On                 ;
; Disable OpenCore Plus hardware evaluation                                       ; Off                ; Off                ;
; Verilog Version                                                                 ; Verilog_2001       ; Verilog_2001       ;
; VHDL Version                                                                    ; VHDL_1993          ; VHDL_1993          ;
; State Machine Processing                                                        ; Auto               ; Auto               ;
; Safe State Machine                                                              ; Off                ; Off                ;
; Extract Verilog State Machines                                                  ; On                 ; On                 ;
; Extract VHDL State Machines                                                     ; On                 ; On                 ;
; Ignore Verilog initial constructs                                               ; Off                ; Off                ;
; Iteration limit for constant Verilog loops                                      ; 5000               ; 5000               ;
; Iteration limit for non-constant Verilog loops                                  ; 250                ; 250                ;
; Add Pass-Through Logic to Inferred RAMs                                         ; On                 ; On                 ;
; Infer RAMs from Raw Logic                                                       ; On                 ; On                 ;
; Parallel Synthesis                                                              ; On                 ; On                 ;
; DSP Block Balancing                                                             ; Auto               ; Auto               ;
; NOT Gate Push-Back                                                              ; On                 ; On                 ;
; Power-Up Don't Care                                                             ; On                 ; On                 ;
; Remove Redundant Logic Cells                                                    ; Off                ; Off                ;
; Remove Duplicate Registers                                                      ; On                 ; On                 ;
; Ignore CARRY Buffers                                                            ; Off                ; Off                ;
; Ignore CASCADE Buffers                                                          ; Off                ; Off                ;
; Ignore GLOBAL Buffers                                                           ; Off                ; Off                ;
; Ignore ROW GLOBAL Buffers                                                       ; Off                ; Off                ;
; Ignore LCELL Buffers                                                            ; Off                ; Off                ;
; Ignore SOFT Buffers                                                             ; On                 ; On                 ;
; Limit AHDL Integers to 32 Bits                                                  ; Off                ; Off                ;
; Optimization Technique                                                          ; Balanced           ; Balanced           ;
; Carry Chain Length                                                              ; 70                 ; 70                 ;
; Auto Carry Chains                                                               ; On                 ; On                 ;
; Auto Open-Drain Pins                                                            ; On                 ; On                 ;
; Perform WYSIWYG Primitive Resynthesis                                           ; Off                ; Off                ;
; Auto ROM Replacement                                                            ; On                 ; On                 ;
; Auto RAM Replacement                                                            ; On                 ; On                 ;
; Auto DSP Block Replacement                                                      ; On                 ; On                 ;
; Auto Shift Register Replacement                                                 ; Auto               ; Auto               ;
; Allow Shift Register Merging across Hierarchies                                 ; Auto               ; Auto               ;
; Auto Clock Enable Replacement                                                   ; On                 ; On                 ;
; Strict RAM Replacement                                                          ; Off                ; Off                ;
; Allow Synchronous Control Signals                                               ; On                 ; On                 ;
; Force Use of Synchronous Clear Signals                                          ; Off                ; Off                ;
; Auto Resource Sharing                                                           ; Off                ; Off                ;
; Allow Any RAM Size For Recognition                                              ; Off                ; Off                ;
; Allow Any ROM Size For Recognition                                              ; Off                ; Off                ;
; Allow Any Shift Register Size For Recognition                                   ; Off                ; Off                ;
; Use LogicLock Constraints during Resource Balancing                             ; On                 ; On                 ;
; Ignore translate_off and synthesis_off directives                               ; Off                ; Off                ;
; Timing-Driven Synthesis                                                         ; On                 ; On                 ;
; Report Parameter Settings                                                       ; On                 ; On                 ;
; Report Source Assignments                                                       ; On                 ; On                 ;
; Report Connectivity Checks                                                      ; On                 ; On                 ;
; Ignore Maximum Fan-Out Assignments                                              ; Off                ; Off                ;
; Synchronization Register Chain Length                                           ; 3                  ; 3                  ;
; PowerPlay Power Optimization During Synthesis                                   ; Normal compilation ; Normal compilation ;
; HDL message level                                                               ; Level2             ; Level2             ;
; Suppress Register Optimization Related Messages                                 ; Off                ; Off                ;
; Number of Removed Registers Reported in Synthesis Report                        ; 5000               ; 5000               ;
; Number of Swept Nodes Reported in Synthesis Report                              ; 5000               ; 5000               ;
; Number of Inverted Registers Reported in Synthesis Report                       ; 100                ; 100                ;
; Clock MUX Protection                                                            ; On                 ; On                 ;
; Auto Gated Clock Conversion                                                     ; Off                ; Off                ;
; Block Design Naming                                                             ; Auto               ; Auto               ;
; SDC constraint protection                                                       ; Off                ; Off                ;
; Synthesis Effort                                                                ; Auto               ; Auto               ;
; Shift Register Replacement - Allow Asynchronous Clear Signal                    ; On                 ; On                 ;
; Pre-Mapping Resynthesis Optimization                                            ; Off                ; Off                ;
; Analysis & Synthesis Message Level                                              ; Medium             ; Medium             ;
; Disable Register Merging Across Hierarchies                                     ; Auto               ; Auto               ;
; Resource Aware Inference For Block RAM                                          ; On                 ; On                 ;
; Synthesis Seed                                                                  ; 1                  ; 1                  ;
; Automatic Parallel Synthesis                                                    ; On                 ; On                 ;
; Partial Reconfiguration Bitstream ID                                            ; Off                ; Off                ;
+---------------------------------------------------------------------------------+--------------------+--------------------+


Parallel compilation was disabled, but you have multiple processors available. Enable parallel compilation to reduce compilation time.
+-------------------------------------+
; Parallel Compilation                ;
+----------------------------+--------+
; Processors                 ; Number ;
+----------------------------+--------+
; Number detected on machine ; 2      ;
; Maximum allowed            ; 1      ;
+----------------------------+--------+


+---------------------------------------------------------------------------------------------------------------------------------------------------------------+
; Analysis & Synthesis Source Files Read                                                                                                                        ;
+----------------------------------+-----------------+-----------------+------------------------------------------------------------------------------+---------+
; File Name with User-Entered Path ; Used in Netlist ; File Type       ; File Name with Absolute Path                                                 ; Library ;
+----------------------------------+-----------------+-----------------+------------------------------------------------------------------------------+---------+
; topLevel.vhd                     ; yes             ; User VHDL File  ; /home/parallels/Documents/EmbarcadosAvancados/motor_dc/topLevel.vhd          ;         ;
; IP/peripheral_LED.vhd            ; yes             ; User VHDL File  ; /home/parallels/Documents/EmbarcadosAvancados/motor_dc/IP/peripheral_LED.vhd ;         ;
+----------------------------------+-----------------+-----------------+------------------------------------------------------------------------------+---------+


+---------------------------------------------------------+
; Analysis & Synthesis Resource Usage Summary             ;
+---------------------------------------------+-----------+
; Resource                                    ; Usage     ;
+---------------------------------------------+-----------+
; Estimate of Logic utilization (ALMs needed) ; 72        ;
;                                             ;           ;
; Combinational ALUT usage for logic          ; 117       ;
;     -- 7 input functions                    ; 0         ;
;     -- 6 input functions                    ; 25        ;
;     -- 5 input functions                    ; 7         ;
;     -- 4 input functions                    ; 7         ;
;     -- <=3 input functions                  ; 78        ;
;                                             ;           ;
; Dedicated logic registers                   ; 80        ;
;                                             ;           ;
; I/O pins                                    ; 77        ;
;                                             ;           ;
; Total DSP Blocks                            ; 0         ;
;                                             ;           ;
; Maximum fan-out node                        ; clk~input ;
; Maximum fan-out                             ; 80        ;
; Total fan-out                               ; 723       ;
; Average fan-out                             ; 2.06      ;
+---------------------------------------------+-----------+


+----------------------------------------------------------------------------------------------------------------------------------------------------------------------------+
; Analysis & Synthesis Resource Utilization by Entity                                                                                                                        ;
+----------------------------+-------------------+--------------+-------------------+------------+------+--------------+---------------------+----------------+--------------+
; Compilation Hierarchy Node ; LC Combinationals ; LC Registers ; Block Memory Bits ; DSP Blocks ; Pins ; Virtual Pins ; Full Hierarchy Name ; Entity Name    ; Library Name ;
+----------------------------+-------------------+--------------+-------------------+------------+------+--------------+---------------------+----------------+--------------+
; |peripheral_LED            ; 117 (117)         ; 80 (80)      ; 0                 ; 0          ; 77   ; 0            ; |peripheral_LED     ; peripheral_LED ; work         ;
+----------------------------+-------------------+--------------+-------------------+------------+------+--------------+---------------------+----------------+--------------+
Note: For table entries with two numbers listed, the numbers in parentheses indicate the number of resources of the given type used by the specific entity alone. The numbers listed outside of parentheses indicate the total resources of the given type used by the specific entity and all of its sub-entities in the hierarchy.


+---------------------------------------------------------------------+
; Registers Removed During Synthesis                                  ;
+----------------------------------------+----------------------------+
; Register name                          ; Reason for Removal         ;
+----------------------------------------+----------------------------+
; duty_cycle[11..31]                     ; Merged with duty_cycle[10] ;
; Total Number of Removed Registers = 21 ;                            ;
+----------------------------------------+----------------------------+


+------------------------------------------------------+
; General Register Statistics                          ;
+----------------------------------------------+-------+
; Statistic                                    ; Value ;
+----------------------------------------------+-------+
; Total registers                              ; 80    ;
; Number of registers using Synchronous Clear  ; 64    ;
; Number of registers using Synchronous Load   ; 0     ;
; Number of registers using Asynchronous Clear ; 4     ;
; Number of registers using Asynchronous Load  ; 0     ;
; Number of registers using Clock Enable       ; 47    ;
; Number of registers using Preset             ; 0     ;
+----------------------------------------------+-------+


+--------------------------------------------------+
; Inverted Register Statistics                     ;
+----------------------------------------+---------+
; Inverted Register                      ; Fan out ;
+----------------------------------------+---------+
; duty_cycle[9]                          ; 3       ;
; duty_cycle[8]                          ; 2       ;
; duty_cycle[5]                          ; 2       ;
; Total number of inverted registers = 3 ;         ;
+----------------------------------------+---------+


+--------------------------------------------------------------------------------+
; Parameter Settings for User Entity Instance: Top-level Entity: |peripheral_LED ;
+----------------+----------+----------------------------------------------------+
; Parameter Name ; Value    ; Type                                               ;
+----------------+----------+----------------------------------------------------+
; LEN            ; 4        ; Signed Integer                                     ;
; FREQ           ; 50000000 ; Signed Integer                                     ;
+----------------+----------+----------------------------------------------------+
Note: In order to hide this table in the UI and the text report file, please set the "Show Parameter Settings in Synthesis Report" option in "Analysis and Synthesis Settings -> More Settings" to "Off".


+-----------------------------------------------------+
; Post-Synthesis Netlist Statistics for Top Partition ;
+-----------------------+-----------------------------+
; Type                  ; Count                       ;
+-----------------------+-----------------------------+
; arriav_ff             ; 80                          ;
;     ENA               ; 11                          ;
;     ENA CLR           ; 4                           ;
;     ENA SCLR          ; 32                          ;
;     SCLR              ; 32                          ;
;     plain             ; 1                           ;
; arriav_lcell_comb     ; 119                         ;
;     arith             ; 64                          ;
;         1 data inputs ; 64                          ;
;     normal            ; 55                          ;
;         0 data inputs ; 2                           ;
;         1 data inputs ; 3                           ;
;         2 data inputs ; 8                           ;
;         3 data inputs ; 3                           ;
;         4 data inputs ; 7                           ;
;         5 data inputs ; 7                           ;
;         6 data inputs ; 25                          ;
; boundary_port         ; 77                          ;
;                       ;                             ;
; Max LUT depth         ; 6.90                        ;
; Average LUT depth     ; 4.60                        ;
+-----------------------+-----------------------------+


+-------------------------------+
; Elapsed Time Per Partition    ;
+----------------+--------------+
; Partition Name ; Elapsed Time ;
+----------------+--------------+
; Top            ; 00:00:00     ;
+----------------+--------------+


+-------------------------------+
; Analysis & Synthesis Messages ;
+-------------------------------+
Info: *******************************************************************
Info: Running Quartus Prime Analysis & Synthesis
    Info: Version 16.0.0 Build 211 04/27/2016 SJ Lite Edition
    Info: Processing started: Tue Oct 16 09:23:32 2018
Info: Command: quartus_map --read_settings_files=on --write_settings_files=off aula02 -c aula02
Warning (20028): Parallel compilation is not licensed and has been disabled
Info (12021): Found 2 design units, including 1 entities, in source file topLevel.vhd
    Info (12022): Found design unit 1: topLevel-rtl File: /home/parallels/Documents/EmbarcadosAvancados/motor_dc/topLevel.vhd Line: 17
    Info (12023): Found entity 1: topLevel File: /home/parallels/Documents/EmbarcadosAvancados/motor_dc/topLevel.vhd Line: 6
Info (12021): Found 2 design units, including 1 entities, in source file IP/peripheral_LED.vhd
    Info (12022): Found design unit 1: peripheral_LED-rtl File: /home/parallels/Documents/EmbarcadosAvancados/motor_dc/IP/peripheral_LED.vhd Line: 32
    Info (12023): Found entity 1: peripheral_LED File: /home/parallels/Documents/EmbarcadosAvancados/motor_dc/IP/peripheral_LED.vhd Line: 7
Info (12127): Elaborating entity "peripheral_LED" for the top level hierarchy
Warning (10540): VHDL Signal Declaration warning at peripheral_LED.vhd(20): used explicit default value for signal "pwm" because signal was never assigned a value File: /home/parallels/Documents/EmbarcadosAvancados/motor_dc/IP/peripheral_LED.vhd Line: 20
Warning (10540): VHDL Signal Declaration warning at peripheral_LED.vhd(26): used explicit default value for signal "avs_readdata" because signal was never assigned a value File: /home/parallels/Documents/EmbarcadosAvancados/motor_dc/IP/peripheral_LED.vhd Line: 26
Warning (10036): Verilog HDL or VHDL warning at peripheral_LED.vhd(35): object "timed_out" assigned a value but never read File: /home/parallels/Documents/EmbarcadosAvancados/motor_dc/IP/peripheral_LED.vhd Line: 35
Warning (13024): Output pins are stuck at VCC or GND
    Warning (13410): Pin "pwm" is stuck at VCC File: /home/parallels/Documents/EmbarcadosAvancados/motor_dc/IP/peripheral_LED.vhd Line: 20
    Warning (13410): Pin "avs_readdata[0]" is stuck at GND File: /home/parallels/Documents/EmbarcadosAvancados/motor_dc/IP/peripheral_LED.vhd Line: 26
    Warning (13410): Pin "avs_readdata[1]" is stuck at GND File: /home/parallels/Documents/EmbarcadosAvancados/motor_dc/IP/peripheral_LED.vhd Line: 26
    Warning (13410): Pin "avs_readdata[2]" is stuck at GND File: /home/parallels/Documents/EmbarcadosAvancados/motor_dc/IP/peripheral_LED.vhd Line: 26
    Warning (13410): Pin "avs_readdata[3]" is stuck at GND File: /home/parallels/Documents/EmbarcadosAvancados/motor_dc/IP/peripheral_LED.vhd Line: 26
    Warning (13410): Pin "avs_readdata[4]" is stuck at GND File: /home/parallels/Documents/EmbarcadosAvancados/motor_dc/IP/peripheral_LED.vhd Line: 26
    Warning (13410): Pin "avs_readdata[5]" is stuck at GND File: /home/parallels/Documents/EmbarcadosAvancados/motor_dc/IP/peripheral_LED.vhd Line: 26
    Warning (13410): Pin "avs_readdata[6]" is stuck at GND File: /home/parallels/Documents/EmbarcadosAvancados/motor_dc/IP/peripheral_LED.vhd Line: 26
    Warning (13410): Pin "avs_readdata[7]" is stuck at GND File: /home/parallels/Documents/EmbarcadosAvancados/motor_dc/IP/peripheral_LED.vhd Line: 26
    Warning (13410): Pin "avs_readdata[8]" is stuck at GND File: /home/parallels/Documents/EmbarcadosAvancados/motor_dc/IP/peripheral_LED.vhd Line: 26
    Warning (13410): Pin "avs_readdata[9]" is stuck at GND File: /home/parallels/Documents/EmbarcadosAvancados/motor_dc/IP/peripheral_LED.vhd Line: 26
    Warning (13410): Pin "avs_readdata[10]" is stuck at GND File: /home/parallels/Documents/EmbarcadosAvancados/motor_dc/IP/peripheral_LED.vhd Line: 26
    Warning (13410): Pin "avs_readdata[11]" is stuck at GND File: /home/parallels/Documents/EmbarcadosAvancados/motor_dc/IP/peripheral_LED.vhd Line: 26
    Warning (13410): Pin "avs_readdata[12]" is stuck at GND File: /home/parallels/Documents/EmbarcadosAvancados/motor_dc/IP/peripheral_LED.vhd Line: 26
    Warning (13410): Pin "avs_readdata[13]" is stuck at GND File: /home/parallels/Documents/EmbarcadosAvancados/motor_dc/IP/peripheral_LED.vhd Line: 26
    Warning (13410): Pin "avs_readdata[14]" is stuck at GND File: /home/parallels/Documents/EmbarcadosAvancados/motor_dc/IP/peripheral_LED.vhd Line: 26
    Warning (13410): Pin "avs_readdata[15]" is stuck at GND File: /home/parallels/Documents/EmbarcadosAvancados/motor_dc/IP/peripheral_LED.vhd Line: 26
    Warning (13410): Pin "avs_readdata[16]" is stuck at GND File: /home/parallels/Documents/EmbarcadosAvancados/motor_dc/IP/peripheral_LED.vhd Line: 26
    Warning (13410): Pin "avs_readdata[17]" is stuck at GND File: /home/parallels/Documents/EmbarcadosAvancados/motor_dc/IP/peripheral_LED.vhd Line: 26
    Warning (13410): Pin "avs_readdata[18]" is stuck at GND File: /home/parallels/Documents/EmbarcadosAvancados/motor_dc/IP/peripheral_LED.vhd Line: 26
    Warning (13410): Pin "avs_readdata[19]" is stuck at GND File: /home/parallels/Documents/EmbarcadosAvancados/motor_dc/IP/peripheral_LED.vhd Line: 26
    Warning (13410): Pin "avs_readdata[20]" is stuck at GND File: /home/parallels/Documents/EmbarcadosAvancados/motor_dc/IP/peripheral_LED.vhd Line: 26
    Warning (13410): Pin "avs_readdata[21]" is stuck at GND File: /home/parallels/Documents/EmbarcadosAvancados/motor_dc/IP/peripheral_LED.vhd Line: 26
    Warning (13410): Pin "avs_readdata[22]" is stuck at GND File: /home/parallels/Documents/EmbarcadosAvancados/motor_dc/IP/peripheral_LED.vhd Line: 26
    Warning (13410): Pin "avs_readdata[23]" is stuck at GND File: /home/parallels/Documents/EmbarcadosAvancados/motor_dc/IP/peripheral_LED.vhd Line: 26
    Warning (13410): Pin "avs_readdata[24]" is stuck at GND File: /home/parallels/Documents/EmbarcadosAvancados/motor_dc/IP/peripheral_LED.vhd Line: 26
    Warning (13410): Pin "avs_readdata[25]" is stuck at GND File: /home/parallels/Documents/EmbarcadosAvancados/motor_dc/IP/peripheral_LED.vhd Line: 26
    Warning (13410): Pin "avs_readdata[26]" is stuck at GND File: /home/parallels/Documents/EmbarcadosAvancados/motor_dc/IP/peripheral_LED.vhd Line: 26
    Warning (13410): Pin "avs_readdata[27]" is stuck at GND File: /home/parallels/Documents/EmbarcadosAvancados/motor_dc/IP/peripheral_LED.vhd Line: 26
    Warning (13410): Pin "avs_readdata[28]" is stuck at GND File: /home/parallels/Documents/EmbarcadosAvancados/motor_dc/IP/peripheral_LED.vhd Line: 26
    Warning (13410): Pin "avs_readdata[29]" is stuck at GND File: /home/parallels/Documents/EmbarcadosAvancados/motor_dc/IP/peripheral_LED.vhd Line: 26
    Warning (13410): Pin "avs_readdata[30]" is stuck at GND File: /home/parallels/Documents/EmbarcadosAvancados/motor_dc/IP/peripheral_LED.vhd Line: 26
    Warning (13410): Pin "avs_readdata[31]" is stuck at GND File: /home/parallels/Documents/EmbarcadosAvancados/motor_dc/IP/peripheral_LED.vhd Line: 26
Info (286030): Timing-Driven Synthesis is running
Info (16010): Generating hard_block partition "hard_block:auto_generated_inst"
    Info (16011): Adding 0 node(s), including 0 DDIO, 0 PLL, 0 transceiver and 0 LCELL
Warning (21074): Design contains 23 input pin(s) that do not drive logic
    Warning (15610): No output dependent on input pin "avs_read" File: /home/parallels/Documents/EmbarcadosAvancados/motor_dc/IP/peripheral_LED.vhd Line: 25
    Warning (15610): No output dependent on input pin "avs_writedata[10]" File: /home/parallels/Documents/EmbarcadosAvancados/motor_dc/IP/peripheral_LED.vhd Line: 28
    Warning (15610): No output dependent on input pin "avs_writedata[11]" File: /home/parallels/Documents/EmbarcadosAvancados/motor_dc/IP/peripheral_LED.vhd Line: 28
    Warning (15610): No output dependent on input pin "avs_writedata[12]" File: /home/parallels/Documents/EmbarcadosAvancados/motor_dc/IP/peripheral_LED.vhd Line: 28
    Warning (15610): No output dependent on input pin "avs_writedata[13]" File: /home/parallels/Documents/EmbarcadosAvancados/motor_dc/IP/peripheral_LED.vhd Line: 28
    Warning (15610): No output dependent on input pin "avs_writedata[14]" File: /home/parallels/Documents/EmbarcadosAvancados/motor_dc/IP/peripheral_LED.vhd Line: 28
    Warning (15610): No output dependent on input pin "avs_writedata[15]" File: /home/parallels/Documents/EmbarcadosAvancados/motor_dc/IP/peripheral_LED.vhd Line: 28
    Warning (15610): No output dependent on input pin "avs_writedata[16]" File: /home/parallels/Documents/EmbarcadosAvancados/motor_dc/IP/peripheral_LED.vhd Line: 28
    Warning (15610): No output dependent on input pin "avs_writedata[17]" File: /home/parallels/Documents/EmbarcadosAvancados/motor_dc/IP/peripheral_LED.vhd Line: 28
    Warning (15610): No output dependent on input pin "avs_writedata[18]" File: /home/parallels/Documents/EmbarcadosAvancados/motor_dc/IP/peripheral_LED.vhd Line: 28
    Warning (15610): No output dependent on input pin "avs_writedata[19]" File: /home/parallels/Documents/EmbarcadosAvancados/motor_dc/IP/peripheral_LED.vhd Line: 28
    Warning (15610): No output dependent on input pin "avs_writedata[20]" File: /home/parallels/Documents/EmbarcadosAvancados/motor_dc/IP/peripheral_LED.vhd Line: 28
    Warning (15610): No output dependent on input pin "avs_writedata[21]" File: /home/parallels/Documents/EmbarcadosAvancados/motor_dc/IP/peripheral_LED.vhd Line: 28
    Warning (15610): No output dependent on input pin "avs_writedata[22]" File: /home/parallels/Documents/EmbarcadosAvancados/motor_dc/IP/peripheral_LED.vhd Line: 28
    Warning (15610): No output dependent on input pin "avs_writedata[23]" File: /home/parallels/Documents/EmbarcadosAvancados/motor_dc/IP/peripheral_LED.vhd Line: 28
    Warning (15610): No output dependent on input pin "avs_writedata[24]" File: /home/parallels/Documents/EmbarcadosAvancados/motor_dc/IP/peripheral_LED.vhd Line: 28
    Warning (15610): No output dependent on input pin "avs_writedata[25]" File: /home/parallels/Documents/EmbarcadosAvancados/motor_dc/IP/peripheral_LED.vhd Line: 28
    Warning (15610): No output dependent on input pin "avs_writedata[26]" File: /home/parallels/Documents/EmbarcadosAvancados/motor_dc/IP/peripheral_LED.vhd Line: 28
    Warning (15610): No output dependent on input pin "avs_writedata[27]" File: /home/parallels/Documents/EmbarcadosAvancados/motor_dc/IP/peripheral_LED.vhd Line: 28
    Warning (15610): No output dependent on input pin "avs_writedata[28]" File: /home/parallels/Documents/EmbarcadosAvancados/motor_dc/IP/peripheral_LED.vhd Line: 28
    Warning (15610): No output dependent on input pin "avs_writedata[29]" File: /home/parallels/Documents/EmbarcadosAvancados/motor_dc/IP/peripheral_LED.vhd Line: 28
    Warning (15610): No output dependent on input pin "avs_writedata[30]" File: /home/parallels/Documents/EmbarcadosAvancados/motor_dc/IP/peripheral_LED.vhd Line: 28
    Warning (15610): No output dependent on input pin "avs_writedata[31]" File: /home/parallels/Documents/EmbarcadosAvancados/motor_dc/IP/peripheral_LED.vhd Line: 28
Info (21057): Implemented 238 device resources after synthesis - the final resource count might be different
    Info (21058): Implemented 40 input pins
    Info (21059): Implemented 37 output pins
    Info (21061): Implemented 161 logic cells
Info: Quartus Prime Analysis & Synthesis was successful. 0 errors, 62 warnings
    Info: Peak virtual memory: 1303 megabytes
    Info: Processing ended: Tue Oct 16 09:23:45 2018
    Info: Elapsed time: 00:00:13
    Info: Total CPU time (on all processors): 00:00:18


