Flow report for aula02
Tue Oct 16 09:25:23 2018
Quartus Prime Version 16.0.0 Build 211 04/27/2016 SJ Lite Edition


---------------------
; Table of Contents ;
---------------------
  1. Legal Notice
  2. Flow Summary
  3. Flow Settings
  4. Flow Non-Default Global Settings
  5. Flow Elapsed Time
  6. Flow OS Summary
  7. Flow Log
  8. Flow Messages
  9. Flow Suppressed Messages



----------------
; Legal Notice ;
----------------
Copyright (C) 1991-2016 Altera Corporation. All rights reserved.
Your use of Altera Corporation's design tools, logic functions 
and other software and tools, and its AMPP partner logic 
functions, and any output files from any of the foregoing 
(including device programming or simulation files), and any 
associated documentation or information are expressly subject 
to the terms and conditions of the Altera Program License 
Subscription Agreement, the Altera Quartus Prime License Agreement,
the Altera MegaCore Function License Agreement, or other 
applicable license agreement, including, without limitation, 
that your use is for the sole purpose of programming logic 
devices manufactured by Altera and sold by Altera or its 
authorized distributors.  Please refer to the applicable 
agreement for further details.



+-------------------------------------------------------------------------------+
; Flow Summary                                                                  ;
+---------------------------------+---------------------------------------------+
; Flow Status                     ; Successful - Tue Oct 16 09:25:23 2018       ;
; Quartus Prime Version           ; 16.0.0 Build 211 04/27/2016 SJ Lite Edition ;
; Revision Name                   ; aula02                                      ;
; Top-level Entity Name           ; peripheral_LED                              ;
; Family                          ; Cyclone V                                   ;
; Device                          ; 5CSEBA6U23I7                                ;
; Timing Models                   ; Final                                       ;
; Logic utilization (in ALMs)     ; 73 / 41,910 ( < 1 % )                       ;
; Total registers                 ; 92                                          ;
; Total pins                      ; 77 / 314 ( 25 % )                           ;
; Total virtual pins              ; 0                                           ;
; Total block memory bits         ; 0 / 5,662,720 ( 0 % )                       ;
; Total DSP Blocks                ; 0 / 112 ( 0 % )                             ;
; Total HSSI RX PCSs              ; 0                                           ;
; Total HSSI PMA RX Deserializers ; 0                                           ;
; Total HSSI TX PCSs              ; 0                                           ;
; Total HSSI PMA TX Serializers   ; 0                                           ;
; Total PLLs                      ; 0 / 6 ( 0 % )                               ;
; Total DLLs                      ; 0 / 4 ( 0 % )                               ;
+---------------------------------+---------------------------------------------+


+-----------------------------------------+
; Flow Settings                           ;
+-------------------+---------------------+
; Option            ; Setting             ;
+-------------------+---------------------+
; Start date & time ; 10/16/2018 09:23:33 ;
; Main task         ; Compilation         ;
; Revision Name     ; aula02              ;
+-------------------+---------------------+


+---------------------------------------------------------------------------------------------------------------------------------------------------+
; Flow Non-Default Global Settings                                                                                                                  ;
+-------------------------------------+-----------------------------------------------------------+---------------+----------------+----------------+
; Assignment Name                     ; Value                                                     ; Default Value ; Entity Name    ; Section Id     ;
+-------------------------------------+-----------------------------------------------------------+---------------+----------------+----------------+
; COMPILER_SIGNATURE_ID               ; 0.153969261311258                                         ; --            ; --             ; --             ;
; EDA_OUTPUT_DATA_FORMAT              ; Verilog Hdl                                               ; --            ; --             ; eda_simulation ;
; EDA_SIMULATION_TOOL                 ; ModelSim-Altera (Verilog)                                 ; <None>        ; --             ; --             ;
; EDA_TIME_SCALE                      ; 1 ps                                                      ; --            ; --             ; eda_simulation ;
; IP_SEARCH_PATHS                     ; /home/parallels/Documents/EmbarcadosAvancados/aula03_1/IP ; --            ; --             ; --             ;
; MAX_CORE_JUNCTION_TEMP              ; 100                                                       ; --            ; --             ; --             ;
; MIN_CORE_JUNCTION_TEMP              ; -40                                                       ; --            ; --             ; --             ;
; PARTITION_COLOR                     ; 16764057                                                  ; --            ; peripheral_LED ; Top            ;
; PARTITION_FITTER_PRESERVATION_LEVEL ; PLACEMENT_AND_ROUTING                                     ; --            ; peripheral_LED ; Top            ;
; PARTITION_NETLIST_TYPE              ; SOURCE                                                    ; --            ; peripheral_LED ; Top            ;
; POWER_BOARD_THERMAL_MODEL           ; None (CONSERVATIVE)                                       ; --            ; --             ; --             ;
; POWER_PRESET_COOLING_SOLUTION       ; 23 MM HEAT SINK WITH 200 LFPM AIRFLOW                     ; --            ; --             ; --             ;
; PROJECT_OUTPUT_DIRECTORY            ; output_files                                              ; --            ; --             ; --             ;
; TOP_LEVEL_ENTITY                    ; peripheral_LED                                            ; aula02        ; --             ; --             ;
+-------------------------------------+-----------------------------------------------------------+---------------+----------------+----------------+


+--------------------------------------------------------------------------------------------------------------------------+
; Flow Elapsed Time                                                                                                        ;
+----------------------+--------------+-------------------------+---------------------+------------------------------------+
; Module Name          ; Elapsed Time ; Average Processors Used ; Peak Virtual Memory ; Total CPU Time (on all processors) ;
+----------------------+--------------+-------------------------+---------------------+------------------------------------+
; Analysis & Synthesis ; 00:00:13     ; 1.0                     ; 1297 MB             ; 00:00:18                           ;
; Fitter               ; 00:00:49     ; 1.0                     ; 2284 MB             ; 00:00:58                           ;
; Total                ; 00:01:02     ; --                      ; --                  ; 00:01:16                           ;
+----------------------+--------------+-------------------------+---------------------+------------------------------------+


+----------------------------------------------------------------------------------------+
; Flow OS Summary                                                                        ;
+----------------------+------------------+----------------+------------+----------------+
; Module Name          ; Machine Hostname ; OS Name        ; OS Version ; Processor type ;
+----------------------+------------------+----------------+------------+----------------+
; Analysis & Synthesis ; parallels-vm     ; Ubuntu 16.04.3 ; 16         ; x86_64         ;
; Fitter               ; parallels-vm     ; Ubuntu 16.04.3 ; 16         ; x86_64         ;
+----------------------+------------------+----------------+------------+----------------+


------------
; Flow Log ;
------------
quartus_map --read_settings_files=on --write_settings_files=off aula02 -c aula02
quartus_fit --read_settings_files=on --write_settings_files=off aula02 -c aula02



