Info: Starting: Create simulation model
Info: qsys-generate /home/parallels/Documents/EmbarcadosAvancados/motor_dc/niosHello.qsys --simulation=VHDL --allow-mixed-language-simulation --output-directory=/home/parallels/Documents/EmbarcadosAvancados/motor_dc/niosHello/simulation --family="Cyclone V" --part=5CSEBA6U23I7
Progress: Loading motor_dc/niosHello.qsys
Progress: Reading input file
Progress: Adding clk_0 [clock_source 16.0]
Progress: Parameterizing module clk_0
Progress: Adding jtag_uart_0 [altera_avalon_jtag_uart 16.0]
Progress: Parameterizing module jtag_uart_0
Progress: Adding nios2_gen2_0 [altera_nios2_gen2 16.0]
Progress: Parameterizing module nios2_gen2_0
Progress: Adding onchip_memory2_0 [altera_avalon_onchip_memory2 16.0]
Progress: Parameterizing module onchip_memory2_0
Progress: Adding onchip_memory2_1 [altera_avalon_onchip_memory2 16.0]
Progress: Parameterizing module onchip_memory2_1
Progress: Adding peripheral_LED_0 [peripheral_LED 1.0]
Progress: Parameterizing module peripheral_LED_0
Progress: Adding pio_0 [altera_avalon_pio 16.0]
Progress: Parameterizing module pio_0
Progress: Adding pio_1 [altera_avalon_pio 16.0]
Progress: Parameterizing module pio_1
Progress: Building connections
Progress: Parameterizing connections
Progress: Validating
Progress: Done reading input file
Info: niosHello.jtag_uart_0: JTAG UART IP input clock need to be at least double (2x) the operating frequency of JTAG TCK on board
Warning: niosHello.peripheral_LED_0.interrupt_sender: Interface has no signals
Info: niosHello.pio_1: PIO inputs are not hardwired in test bench. Undefined values will be read from PIO inputs during simulation.
Info: niosHello: Generating niosHello "niosHello" for SIM_VHDL
Warning: niosHello: "No matching role found for irq_mapper:receiver0:receiver0_irq (irq)"
Info: jtag_uart_0: Starting RTL generation for module 'niosHello_jtag_uart_0'
Info: jtag_uart_0:   Generation command is [exec /home/parallels/altera_lite/16.0/quartus/linux64/perl/bin/perl -I /home/parallels/altera_lite/16.0/quartus/linux64/perl/lib -I /home/parallels/altera_lite/16.0/quartus/sopc_builder/bin/europa -I /home/parallels/altera_lite/16.0/quartus/sopc_builder/bin/perl_lib -I /home/parallels/altera_lite/16.0/quartus/sopc_builder/bin -I /home/parallels/altera_lite/16.0/quartus/../ip/altera/sopc_builder_ip/common -I /home/parallels/altera_lite/16.0/quartus/../ip/altera/sopc_builder_ip/altera_avalon_jtag_uart -- /home/parallels/altera_lite/16.0/quartus/../ip/altera/sopc_builder_ip/altera_avalon_jtag_uart/generate_rtl.pl --name=niosHello_jtag_uart_0 --dir=/tmp/alt7822_3687418913540922717.dir/0107_jtag_uart_0_gen/ --quartus_dir=/home/parallels/altera_lite/16.0/quartus --verilog --config=/tmp/alt7822_3687418913540922717.dir/0107_jtag_uart_0_gen//niosHello_jtag_uart_0_component_configuration.pl  --do_build_sim=1    --sim_dir=/tmp/alt7822_3687418913540922717.dir/0107_jtag_uart_0_gen/  ]
Info: jtag_uart_0: Done RTL generation for module 'niosHello_jtag_uart_0'
Info: jtag_uart_0: "niosHello" instantiated altera_avalon_jtag_uart "jtag_uart_0"
Info: nios2_gen2_0: "niosHello" instantiated altera_nios2_gen2 "nios2_gen2_0"
Info: onchip_memory2_0: Starting RTL generation for module 'niosHello_onchip_memory2_0'
Info: onchip_memory2_0:   Generation command is [exec /home/parallels/altera_lite/16.0/quartus/linux64/perl/bin/perl -I /home/parallels/altera_lite/16.0/quartus/linux64/perl/lib -I /home/parallels/altera_lite/16.0/quartus/sopc_builder/bin/europa -I /home/parallels/altera_lite/16.0/quartus/sopc_builder/bin/perl_lib -I /home/parallels/altera_lite/16.0/quartus/sopc_builder/bin -I /home/parallels/altera_lite/16.0/quartus/../ip/altera/sopc_builder_ip/common -I /home/parallels/altera_lite/16.0/quartus/../ip/altera/sopc_builder_ip/altera_avalon_onchip_memory2 -- /home/parallels/altera_lite/16.0/quartus/../ip/altera/sopc_builder_ip/altera_avalon_onchip_memory2/generate_rtl.pl --name=niosHello_onchip_memory2_0 --dir=/tmp/alt7822_3687418913540922717.dir/0108_onchip_memory2_0_gen/ --quartus_dir=/home/parallels/altera_lite/16.0/quartus --verilog --config=/tmp/alt7822_3687418913540922717.dir/0108_onchip_memory2_0_gen//niosHello_onchip_memory2_0_component_configuration.pl  --do_build_sim=1    --sim_dir=/tmp/alt7822_3687418913540922717.dir/0108_onchip_memory2_0_gen/  ]
Info: onchip_memory2_0: Done RTL generation for module 'niosHello_onchip_memory2_0'
Info: onchip_memory2_0: "niosHello" instantiated altera_avalon_onchip_memory2 "onchip_memory2_0"
Info: onchip_memory2_1: Starting RTL generation for module 'niosHello_onchip_memory2_1'
Info: onchip_memory2_1:   Generation command is [exec /home/parallels/altera_lite/16.0/quartus/linux64/perl/bin/perl -I /home/parallels/altera_lite/16.0/quartus/linux64/perl/lib -I /home/parallels/altera_lite/16.0/quartus/sopc_builder/bin/europa -I /home/parallels/altera_lite/16.0/quartus/sopc_builder/bin/perl_lib -I /home/parallels/altera_lite/16.0/quartus/sopc_builder/bin -I /home/parallels/altera_lite/16.0/quartus/../ip/altera/sopc_builder_ip/common -I /home/parallels/altera_lite/16.0/quartus/../ip/altera/sopc_builder_ip/altera_avalon_onchip_memory2 -- /home/parallels/altera_lite/16.0/quartus/../ip/altera/sopc_builder_ip/altera_avalon_onchip_memory2/generate_rtl.pl --name=niosHello_onchip_memory2_1 --dir=/tmp/alt7822_3687418913540922717.dir/0109_onchip_memory2_1_gen/ --quartus_dir=/home/parallels/altera_lite/16.0/quartus --verilog --config=/tmp/alt7822_3687418913540922717.dir/0109_onchip_memory2_1_gen//niosHello_onchip_memory2_1_component_configuration.pl  --do_build_sim=1    --sim_dir=/tmp/alt7822_3687418913540922717.dir/0109_onchip_memory2_1_gen/  ]
Info: onchip_memory2_1: Done RTL generation for module 'niosHello_onchip_memory2_1'
Info: onchip_memory2_1: "niosHello" instantiated altera_avalon_onchip_memory2 "onchip_memory2_1"
Info: peripheral_LED_0: "niosHello" instantiated peripheral_LED "peripheral_LED_0"
Info: pio_1: Starting RTL generation for module 'niosHello_pio_1'
Info: pio_1:   Generation command is [exec /home/parallels/altera_lite/16.0/quartus/linux64/perl/bin/perl -I /home/parallels/altera_lite/16.0/quartus/linux64/perl/lib -I /home/parallels/altera_lite/16.0/quartus/sopc_builder/bin/europa -I /home/parallels/altera_lite/16.0/quartus/sopc_builder/bin/perl_lib -I /home/parallels/altera_lite/16.0/quartus/sopc_builder/bin -I /home/parallels/altera_lite/16.0/quartus/../ip/altera/sopc_builder_ip/common -I /home/parallels/altera_lite/16.0/quartus/../ip/altera/sopc_builder_ip/altera_avalon_pio -- /home/parallels/altera_lite/16.0/quartus/../ip/altera/sopc_builder_ip/altera_avalon_pio/generate_rtl.pl --name=niosHello_pio_1 --dir=/tmp/alt7822_3687418913540922717.dir/0111_pio_1_gen/ --quartus_dir=/home/parallels/altera_lite/16.0/quartus --verilog --config=/tmp/alt7822_3687418913540922717.dir/0111_pio_1_gen//niosHello_pio_1_component_configuration.pl  --do_build_sim=1    --sim_dir=/tmp/alt7822_3687418913540922717.dir/0111_pio_1_gen/  ]
Info: pio_1: Done RTL generation for module 'niosHello_pio_1'
Info: pio_1: "niosHello" instantiated altera_avalon_pio "pio_1"
Info: avalon_st_adapter: Inserting error_adapter: error_adapter_0
Info: avalon_st_adapter_001: Inserting error_adapter: error_adapter_0
Info: avalon_st_adapter_002: Inserting error_adapter: error_adapter_0
Info: avalon_st_adapter_003: Inserting error_adapter: error_adapter_0
Info: avalon_st_adapter_004: Inserting error_adapter: error_adapter_0
Info: avalon_st_adapter_005: Inserting error_adapter: error_adapter_0
Info: mm_interconnect_0: "niosHello" instantiated altera_mm_interconnect "mm_interconnect_0"
Info: irq_mapper: "niosHello" instantiated altera_irq_mapper "irq_mapper"
Info: rst_controller: "niosHello" instantiated altera_reset_controller "rst_controller"
Info: cpu: Starting RTL generation for module 'niosHello_nios2_gen2_0_cpu'
Info: cpu:   Generation command is [exec /home/parallels/altera_lite/16.0/quartus/linux64//eperlcmd -I /home/parallels/altera_lite/16.0/quartus/linux64//perl/lib -I /home/parallels/altera_lite/16.0/quartus/sopc_builder/bin/europa -I /home/parallels/altera_lite/16.0/quartus/sopc_builder/bin/perl_lib -I /home/parallels/altera_lite/16.0/quartus/sopc_builder/bin -I /home/parallels/altera_lite/16.0/quartus/../ip/altera/nios2_ip/altera_nios2_gen2/cpu_lib -I /home/parallels/altera_lite/16.0/quartus/../ip/altera/nios2_ip/altera_nios2_gen2/nios_lib -I /home/parallels/altera_lite/16.0/quartus/../ip/altera/nios2_ip/altera_nios2_gen2 -I /home/parallels/altera_lite/16.0/quartus/../ip/altera/nios2_ip/altera_nios2_gen2 -- /home/parallels/altera_lite/16.0/quartus/../ip/altera/nios2_ip/altera_nios2_gen2/generate_rtl.epl --name=niosHello_nios2_gen2_0_cpu --dir=/tmp/alt7822_3687418913540922717.dir/0114_cpu_gen/ --quartus_bindir=/home/parallels/altera_lite/16.0/quartus/linux64/ --verilog --config=/tmp/alt7822_3687418913540922717.dir/0114_cpu_gen//niosHello_nios2_gen2_0_cpu_processor_configuration.pl  --do_build_sim=1    --sim_dir=/tmp/alt7822_3687418913540922717.dir/0114_cpu_gen/  ]
Info: cpu: # 2018.10.18 09:32:09 (*) Starting Nios II generation
Info: cpu: # 2018.10.18 09:32:09 (*)   Checking for plaintext license.
Info: cpu: # 2018.10.18 09:32:10 (*)   Plaintext license not found.
Info: cpu: # 2018.10.18 09:32:10 (*)   No license required to generate encrypted Nios II/e.
Info: cpu: # 2018.10.18 09:32:10 (*)   Elaborating CPU configuration settings
Info: cpu: # 2018.10.18 09:32:10 (*)   Creating all objects for CPU
Info: cpu: # 2018.10.18 09:32:11 (*)   Creating '/tmp/alt7822_3687418913540922717.dir/0114_cpu_gen//niosHello_nios2_gen2_0_cpu_nios2_waves.do'
Info: cpu: # 2018.10.18 09:32:11 (*)   Generating RTL from CPU objects
Info: cpu: # 2018.10.18 09:32:11 (*)   Creating plain-text RTL
Info: cpu: # 2018.10.18 09:32:12 (*) Done Nios II generation
Info: cpu: Done RTL generation for module 'niosHello_nios2_gen2_0_cpu'
Info: cpu: "nios2_gen2_0" instantiated altera_nios2_gen2_unit "cpu"
Info: nios2_gen2_0_data_master_translator: "mm_interconnect_0" instantiated altera_merlin_master_translator "nios2_gen2_0_data_master_translator"
Info: jtag_uart_0_avalon_jtag_slave_translator: "mm_interconnect_0" instantiated altera_merlin_slave_translator "jtag_uart_0_avalon_jtag_slave_translator"
Info: nios2_gen2_0_data_master_agent: "mm_interconnect_0" instantiated altera_merlin_master_agent "nios2_gen2_0_data_master_agent"
Info: jtag_uart_0_avalon_jtag_slave_agent: "mm_interconnect_0" instantiated altera_merlin_slave_agent "jtag_uart_0_avalon_jtag_slave_agent"
Info: jtag_uart_0_avalon_jtag_slave_agent_rsp_fifo: "mm_interconnect_0" instantiated altera_avalon_sc_fifo "jtag_uart_0_avalon_jtag_slave_agent_rsp_fifo"
Info: router: "mm_interconnect_0" instantiated altera_merlin_router "router"
Info: router_001: "mm_interconnect_0" instantiated altera_merlin_router "router_001"
Info: router_002: "mm_interconnect_0" instantiated altera_merlin_router "router_002"
Info: router_004: "mm_interconnect_0" instantiated altera_merlin_router "router_004"
Info: cmd_demux: "mm_interconnect_0" instantiated altera_merlin_demultiplexer "cmd_demux"
Info: cmd_demux_001: "mm_interconnect_0" instantiated altera_merlin_demultiplexer "cmd_demux_001"
Info: cmd_mux: "mm_interconnect_0" instantiated altera_merlin_multiplexer "cmd_mux"
Info: cmd_mux_002: "mm_interconnect_0" instantiated altera_merlin_multiplexer "cmd_mux_002"
Info: Reusing file /home/parallels/Documents/EmbarcadosAvancados/motor_dc/niosHello/simulation/submodules/altera_merlin_arbitrator.sv
Info: rsp_demux: "mm_interconnect_0" instantiated altera_merlin_demultiplexer "rsp_demux"
Info: rsp_demux_002: "mm_interconnect_0" instantiated altera_merlin_demultiplexer "rsp_demux_002"
Info: rsp_mux: "mm_interconnect_0" instantiated altera_merlin_multiplexer "rsp_mux"
Info: Reusing file /home/parallels/Documents/EmbarcadosAvancados/motor_dc/niosHello/simulation/submodules/altera_merlin_arbitrator.sv
Info: rsp_mux_001: "mm_interconnect_0" instantiated altera_merlin_multiplexer "rsp_mux_001"
Info: Reusing file /home/parallels/Documents/EmbarcadosAvancados/motor_dc/niosHello/simulation/submodules/altera_merlin_arbitrator.sv
Info: avalon_st_adapter: "mm_interconnect_0" instantiated altera_avalon_st_adapter "avalon_st_adapter"
Info: error_adapter_0: "avalon_st_adapter" instantiated error_adapter "error_adapter_0"
Info: niosHello: Done "niosHello" with 30 modules, 53 files
Info: qsys-generate succeeded.
Info: Finished: Create simulation model
Info: Starting: Create Modelsim Project.
Info: sim-script-gen --spd=/home/parallels/Documents/EmbarcadosAvancados/motor_dc/niosHello/niosHello.spd --output-directory=/home/parallels/Documents/EmbarcadosAvancados/motor_dc/niosHello/simulation/ --use-relative-paths=true
Info: Doing: ip-make-simscript --spd=/home/parallels/Documents/EmbarcadosAvancados/motor_dc/niosHello/niosHello.spd --output-directory=/home/parallels/Documents/EmbarcadosAvancados/motor_dc/niosHello/simulation/ --use-relative-paths=true
Info: Generating the following file(s) for MODELSIM simulator in /home/parallels/Documents/EmbarcadosAvancados/motor_dc/niosHello/simulation/ directory:
Info: 	mentor/msim_setup.tcl
Info: Skipping VCS script generation since VHDL file $QUARTUS_INSTALL_DIR/eda/sim_lib/altera_syn_attributes.vhd is required for simulation
Info: Generating the following file(s) for VCSMX simulator in /home/parallels/Documents/EmbarcadosAvancados/motor_dc/niosHello/simulation/ directory:
Info: 	synopsys/vcsmx/synopsys_sim.setup
Info: 	synopsys/vcsmx/vcsmx_setup.sh
Info: Generating the following file(s) for NCSIM simulator in /home/parallels/Documents/EmbarcadosAvancados/motor_dc/niosHello/simulation/ directory:
Info: 	cadence/cds.lib
Info: 	cadence/hdl.var
Info: 	cadence/ncsim_setup.sh
Info: 	29 .cds.lib files in cadence/cds_libs/ directory
Info: Generating the following file(s) for RIVIERA simulator in /home/parallels/Documents/EmbarcadosAvancados/motor_dc/niosHello/simulation/ directory:
Info: 	aldec/rivierapro_setup.tcl
Info: For information on how to simulate your IP, see the explanatory comments in the simulator-specific subdirectories under /home/parallels/Documents/EmbarcadosAvancados/motor_dc/niosHello/simulation/.
Info: Finished: Create Modelsim Project.
Info: 
Info: Starting: Create HDL design files for synthesis
Info: qsys-generate /home/parallels/Documents/EmbarcadosAvancados/motor_dc/niosHello.qsys --synthesis=VHDL --output-directory=/home/parallels/Documents/EmbarcadosAvancados/motor_dc/niosHello/synthesis --family="Cyclone V" --part=5CSEBA6U23I7
Progress: Loading motor_dc/niosHello.qsys
Progress: Reading input file
Progress: Adding clk_0 [clock_source 16.0]
Progress: Parameterizing module clk_0
Progress: Adding jtag_uart_0 [altera_avalon_jtag_uart 16.0]
Progress: Parameterizing module jtag_uart_0
Progress: Adding nios2_gen2_0 [altera_nios2_gen2 16.0]
Progress: Parameterizing module nios2_gen2_0
Progress: Adding onchip_memory2_0 [altera_avalon_onchip_memory2 16.0]
Progress: Parameterizing module onchip_memory2_0
Progress: Adding onchip_memory2_1 [altera_avalon_onchip_memory2 16.0]
Progress: Parameterizing module onchip_memory2_1
Progress: Adding peripheral_LED_0 [peripheral_LED 1.0]
Progress: Parameterizing module peripheral_LED_0
Progress: Adding pio_0 [altera_avalon_pio 16.0]
Progress: Parameterizing module pio_0
Progress: Adding pio_1 [altera_avalon_pio 16.0]
Progress: Parameterizing module pio_1
Progress: Building connections
Progress: Parameterizing connections
Progress: Validating
Progress: Done reading input file
Info: niosHello.jtag_uart_0: JTAG UART IP input clock need to be at least double (2x) the operating frequency of JTAG TCK on board
Warning: niosHello.peripheral_LED_0.interrupt_sender: Interface has no signals
Info: niosHello.pio_1: PIO inputs are not hardwired in test bench. Undefined values will be read from PIO inputs during simulation.
Info: niosHello: Generating niosHello "niosHello" for QUARTUS_SYNTH
Warning: niosHello: "No matching role found for irq_mapper:receiver0:receiver0_irq (irq)"
Info: jtag_uart_0: Starting RTL generation for module 'niosHello_jtag_uart_0'
Info: jtag_uart_0:   Generation command is [exec /home/parallels/altera_lite/16.0/quartus/linux64/perl/bin/perl -I /home/parallels/altera_lite/16.0/quartus/linux64/perl/lib -I /home/parallels/altera_lite/16.0/quartus/sopc_builder/bin/europa -I /home/parallels/altera_lite/16.0/quartus/sopc_builder/bin/perl_lib -I /home/parallels/altera_lite/16.0/quartus/sopc_builder/bin -I /home/parallels/altera_lite/16.0/quartus/../ip/altera/sopc_builder_ip/common -I /home/parallels/altera_lite/16.0/quartus/../ip/altera/sopc_builder_ip/altera_avalon_jtag_uart -- /home/parallels/altera_lite/16.0/quartus/../ip/altera/sopc_builder_ip/altera_avalon_jtag_uart/generate_rtl.pl --name=niosHello_jtag_uart_0 --dir=/tmp/alt7822_3687418913540922717.dir/0134_jtag_uart_0_gen/ --quartus_dir=/home/parallels/altera_lite/16.0/quartus --verilog --config=/tmp/alt7822_3687418913540922717.dir/0134_jtag_uart_0_gen//niosHello_jtag_uart_0_component_configuration.pl  --do_build_sim=0  ]
Info: jtag_uart_0: Done RTL generation for module 'niosHello_jtag_uart_0'
Info: jtag_uart_0: "niosHello" instantiated altera_avalon_jtag_uart "jtag_uart_0"
Info: nios2_gen2_0: "niosHello" instantiated altera_nios2_gen2 "nios2_gen2_0"
Info: onchip_memory2_0: Starting RTL generation for module 'niosHello_onchip_memory2_0'
Info: onchip_memory2_0:   Generation command is [exec /home/parallels/altera_lite/16.0/quartus/linux64/perl/bin/perl -I /home/parallels/altera_lite/16.0/quartus/linux64/perl/lib -I /home/parallels/altera_lite/16.0/quartus/sopc_builder/bin/europa -I /home/parallels/altera_lite/16.0/quartus/sopc_builder/bin/perl_lib -I /home/parallels/altera_lite/16.0/quartus/sopc_builder/bin -I /home/parallels/altera_lite/16.0/quartus/../ip/altera/sopc_builder_ip/common -I /home/parallels/altera_lite/16.0/quartus/../ip/altera/sopc_builder_ip/altera_avalon_onchip_memory2 -- /home/parallels/altera_lite/16.0/quartus/../ip/altera/sopc_builder_ip/altera_avalon_onchip_memory2/generate_rtl.pl --name=niosHello_onchip_memory2_0 --dir=/tmp/alt7822_3687418913540922717.dir/0135_onchip_memory2_0_gen/ --quartus_dir=/home/parallels/altera_lite/16.0/quartus --verilog --config=/tmp/alt7822_3687418913540922717.dir/0135_onchip_memory2_0_gen//niosHello_onchip_memory2_0_component_configuration.pl  --do_build_sim=0  ]
Info: onchip_memory2_0: Done RTL generation for module 'niosHello_onchip_memory2_0'
Info: onchip_memory2_0: "niosHello" instantiated altera_avalon_onchip_memory2 "onchip_memory2_0"
Info: onchip_memory2_1: Starting RTL generation for module 'niosHello_onchip_memory2_1'
Info: onchip_memory2_1:   Generation command is [exec /home/parallels/altera_lite/16.0/quartus/linux64/perl/bin/perl -I /home/parallels/altera_lite/16.0/quartus/linux64/perl/lib -I /home/parallels/altera_lite/16.0/quartus/sopc_builder/bin/europa -I /home/parallels/altera_lite/16.0/quartus/sopc_builder/bin/perl_lib -I /home/parallels/altera_lite/16.0/quartus/sopc_builder/bin -I /home/parallels/altera_lite/16.0/quartus/../ip/altera/sopc_builder_ip/common -I /home/parallels/altera_lite/16.0/quartus/../ip/altera/sopc_builder_ip/altera_avalon_onchip_memory2 -- /home/parallels/altera_lite/16.0/quartus/../ip/altera/sopc_builder_ip/altera_avalon_onchip_memory2/generate_rtl.pl --name=niosHello_onchip_memory2_1 --dir=/tmp/alt7822_3687418913540922717.dir/0136_onchip_memory2_1_gen/ --quartus_dir=/home/parallels/altera_lite/16.0/quartus --verilog --config=/tmp/alt7822_3687418913540922717.dir/0136_onchip_memory2_1_gen//niosHello_onchip_memory2_1_component_configuration.pl  --do_build_sim=0  ]
Info: onchip_memory2_1: Done RTL generation for module 'niosHello_onchip_memory2_1'
Info: onchip_memory2_1: "niosHello" instantiated altera_avalon_onchip_memory2 "onchip_memory2_1"
Info: peripheral_LED_0: "niosHello" instantiated peripheral_LED "peripheral_LED_0"
Info: pio_1: Starting RTL generation for module 'niosHello_pio_1'
Info: pio_1:   Generation command is [exec /home/parallels/altera_lite/16.0/quartus/linux64/perl/bin/perl -I /home/parallels/altera_lite/16.0/quartus/linux64/perl/lib -I /home/parallels/altera_lite/16.0/quartus/sopc_builder/bin/europa -I /home/parallels/altera_lite/16.0/quartus/sopc_builder/bin/perl_lib -I /home/parallels/altera_lite/16.0/quartus/sopc_builder/bin -I /home/parallels/altera_lite/16.0/quartus/../ip/altera/sopc_builder_ip/common -I /home/parallels/altera_lite/16.0/quartus/../ip/altera/sopc_builder_ip/altera_avalon_pio -- /home/parallels/altera_lite/16.0/quartus/../ip/altera/sopc_builder_ip/altera_avalon_pio/generate_rtl.pl --name=niosHello_pio_1 --dir=/tmp/alt7822_3687418913540922717.dir/0138_pio_1_gen/ --quartus_dir=/home/parallels/altera_lite/16.0/quartus --verilog --config=/tmp/alt7822_3687418913540922717.dir/0138_pio_1_gen//niosHello_pio_1_component_configuration.pl  --do_build_sim=0  ]
Info: pio_1: Done RTL generation for module 'niosHello_pio_1'
Info: pio_1: "niosHello" instantiated altera_avalon_pio "pio_1"
Info: avalon_st_adapter: Inserting error_adapter: error_adapter_0
Info: avalon_st_adapter_001: Inserting error_adapter: error_adapter_0
Info: avalon_st_adapter_002: Inserting error_adapter: error_adapter_0
Info: avalon_st_adapter_003: Inserting error_adapter: error_adapter_0
Info: avalon_st_adapter_004: Inserting error_adapter: error_adapter_0
Info: avalon_st_adapter_005: Inserting error_adapter: error_adapter_0
Info: mm_interconnect_0: "niosHello" instantiated altera_mm_interconnect "mm_interconnect_0"
Info: irq_mapper: "niosHello" instantiated altera_irq_mapper "irq_mapper"
Info: rst_controller: "niosHello" instantiated altera_reset_controller "rst_controller"
Info: cpu: Starting RTL generation for module 'niosHello_nios2_gen2_0_cpu'
Info: cpu:   Generation command is [exec /home/parallels/altera_lite/16.0/quartus/linux64//eperlcmd -I /home/parallels/altera_lite/16.0/quartus/linux64//perl/lib -I /home/parallels/altera_lite/16.0/quartus/sopc_builder/bin/europa -I /home/parallels/altera_lite/16.0/quartus/sopc_builder/bin/perl_lib -I /home/parallels/altera_lite/16.0/quartus/sopc_builder/bin -I /home/parallels/altera_lite/16.0/quartus/../ip/altera/nios2_ip/altera_nios2_gen2/cpu_lib -I /home/parallels/altera_lite/16.0/quartus/../ip/altera/nios2_ip/altera_nios2_gen2/nios_lib -I /home/parallels/altera_lite/16.0/quartus/../ip/altera/nios2_ip/altera_nios2_gen2 -I /home/parallels/altera_lite/16.0/quartus/../ip/altera/nios2_ip/altera_nios2_gen2 -- /home/parallels/altera_lite/16.0/quartus/../ip/altera/nios2_ip/altera_nios2_gen2/generate_rtl.epl --name=niosHello_nios2_gen2_0_cpu --dir=/tmp/alt7822_3687418913540922717.dir/0141_cpu_gen/ --quartus_bindir=/home/parallels/altera_lite/16.0/quartus/linux64/ --verilog --config=/tmp/alt7822_3687418913540922717.dir/0141_cpu_gen//niosHello_nios2_gen2_0_cpu_processor_configuration.pl  --do_build_sim=0  ]
Info: cpu: # 2018.10.18 09:32:18 (*) Starting Nios II generation
Info: cpu: # 2018.10.18 09:32:18 (*)   Checking for plaintext license.
Info: cpu: # 2018.10.18 09:32:19 (*)   Plaintext license not found.
Info: cpu: # 2018.10.18 09:32:19 (*)   No license required to generate encrypted Nios II/e.
Info: cpu: # 2018.10.18 09:32:19 (*)   Elaborating CPU configuration settings
Info: cpu: # 2018.10.18 09:32:19 (*)   Creating all objects for CPU
Info: cpu: # 2018.10.18 09:32:20 (*)   Generating RTL from CPU objects
Info: cpu: # 2018.10.18 09:32:20 (*)   Creating plain-text RTL
Info: cpu: # 2018.10.18 09:32:21 (*) Done Nios II generation
Info: cpu: Done RTL generation for module 'niosHello_nios2_gen2_0_cpu'
Info: cpu: "nios2_gen2_0" instantiated altera_nios2_gen2_unit "cpu"
Info: nios2_gen2_0_data_master_translator: "mm_interconnect_0" instantiated altera_merlin_master_translator "nios2_gen2_0_data_master_translator"
Info: jtag_uart_0_avalon_jtag_slave_translator: "mm_interconnect_0" instantiated altera_merlin_slave_translator "jtag_uart_0_avalon_jtag_slave_translator"
Info: nios2_gen2_0_data_master_agent: "mm_interconnect_0" instantiated altera_merlin_master_agent "nios2_gen2_0_data_master_agent"
Info: jtag_uart_0_avalon_jtag_slave_agent: "mm_interconnect_0" instantiated altera_merlin_slave_agent "jtag_uart_0_avalon_jtag_slave_agent"
Info: jtag_uart_0_avalon_jtag_slave_agent_rsp_fifo: "mm_interconnect_0" instantiated altera_avalon_sc_fifo "jtag_uart_0_avalon_jtag_slave_agent_rsp_fifo"
Info: router: "mm_interconnect_0" instantiated altera_merlin_router "router"
Info: router_001: "mm_interconnect_0" instantiated altera_merlin_router "router_001"
Info: router_002: "mm_interconnect_0" instantiated altera_merlin_router "router_002"
Info: router_004: "mm_interconnect_0" instantiated altera_merlin_router "router_004"
Info: cmd_demux: "mm_interconnect_0" instantiated altera_merlin_demultiplexer "cmd_demux"
Info: cmd_demux_001: "mm_interconnect_0" instantiated altera_merlin_demultiplexer "cmd_demux_001"
Info: cmd_mux: "mm_interconnect_0" instantiated altera_merlin_multiplexer "cmd_mux"
Info: cmd_mux_002: "mm_interconnect_0" instantiated altera_merlin_multiplexer "cmd_mux_002"
Info: Reusing file /home/parallels/Documents/EmbarcadosAvancados/motor_dc/niosHello/synthesis/submodules/altera_merlin_arbitrator.sv
Info: rsp_demux: "mm_interconnect_0" instantiated altera_merlin_demultiplexer "rsp_demux"
Info: rsp_demux_002: "mm_interconnect_0" instantiated altera_merlin_demultiplexer "rsp_demux_002"
Info: rsp_mux: "mm_interconnect_0" instantiated altera_merlin_multiplexer "rsp_mux"
Info: Reusing file /home/parallels/Documents/EmbarcadosAvancados/motor_dc/niosHello/synthesis/submodules/altera_merlin_arbitrator.sv
Info: rsp_mux_001: "mm_interconnect_0" instantiated altera_merlin_multiplexer "rsp_mux_001"
Info: Reusing file /home/parallels/Documents/EmbarcadosAvancados/motor_dc/niosHello/synthesis/submodules/altera_merlin_arbitrator.sv
Info: avalon_st_adapter: "mm_interconnect_0" instantiated altera_avalon_st_adapter "avalon_st_adapter"
Info: error_adapter_0: "avalon_st_adapter" instantiated error_adapter "error_adapter_0"
Info: niosHello: Done "niosHello" with 30 modules, 46 files
Info: qsys-generate succeeded.
Info: Finished: Create HDL design files for synthesis
