04:08:38 **** Clean-only build of configuration Nios II for project PonteH ****
make -j2 clean 
[PonteH clean complete]
04:08:50 **** Incremental Build of configuration Nios II for project Aula03 ****
make all 
Info: Building ../Aula03_bsp/
make --no-print-directory -C ../Aula03_bsp/
[BSP build complete]
Info: Compiling hello_world.c to obj/default/hello_world.o
nios2-elf-gcc -xc -MP -MMD -c -I../Aula03_bsp//HAL/inc -I../Aula03_bsp/ -I../Aula03_bsp//drivers/inc  -pipe -D__hal__ -DALT_NO_INSTRUCTION_EMULATION -DALT_USE_SMALL_DRIVERS -DALT_SIM_OPTIMIZE -DSMALL_C_LIB -DALT_SINGLE_THREADED    -O0 -g -Wall   -mno-hw-div -mno-hw-mul -mno-hw-mulx  -o obj/default/hello_world.o hello_world.c
hello_world.c: In function 'main':
hello_world.c:39:11: warning: implicit declaration of function 'usleep' [-Wimplicit-function-declaration]
           usleep(50000000); // remover durante a simulação
           ^
Info: Linking RUN_ON_HDL_SIMULATOR_ONLY_Aula03.elf
nios2-elf-g++  -T'../Aula03_bsp//linker.x' -msys-crt0='../Aula03_bsp//obj/HAL/src/crt0.o' -msys-lib=hal_bsp -L../Aula03_bsp/  -msmallc  -Wl,-Map=RUN_ON_HDL_SIMULATOR_ONLY_Aula03.map   -O0 -g -Wall   -mno-hw-div -mno-hw-mul -mno-hw-mulx  -o RUN_ON_HDL_SIMULATOR_ONLY_Aula03.elf obj/default/hello_world.o -lm -msys-lib=m
nios2-elf-insert RUN_ON_HDL_SIMULATOR_ONLY_Aula03.elf --thread_model hal --cpu_name nios2_gen2_0 --qsys true --simulation_enabled false --stderr_dev none --stdin_dev none --stdout_dev none --sopc_system_name niosHello --quartus_project_dir "/home/parallels/Documents/EmbarcadosAvancados/aula03_1" --jdi ../..//output_files/aula02.jdi --sopcinfo /home/parallels/Documents/EmbarcadosAvancados/aula03_1/software/Aula03_bsp/../../niosHello.sopcinfo
Info: (RUN_ON_HDL_SIMULATOR_ONLY_Aula03.elf) 4792 Bytes program size (code + initialized data).
Info:                                        124 KBytes free for stack + heap.
Info: Creating RUN_ON_HDL_SIMULATOR_ONLY_Aula03.objdump
nios2-elf-objdump --disassemble --syms --all-header --source RUN_ON_HDL_SIMULATOR_ONLY_Aula03.elf >RUN_ON_HDL_SIMULATOR_ONLY_Aula03.objdump
[RUN_ON_HDL_SIMULATOR_ONLY_Aula03 build complete]
04:09:10 **** Build of configuration Nios II for project PonteH ****
make -j2 all 
Info: Building ../PonteH_bsp/
make --no-print-directory -C ../PonteH_bsp/
Info: Compiling hello_world.c to obj/default/hello_world.o
nios2-elf-gcc -xc -MP -MMD -c -I../PonteH_bsp//HAL/inc -I../PonteH_bsp/ -I../PonteH_bsp//drivers/inc  -pipe -D__hal__ -DALT_NO_INSTRUCTION_EMULATION -DALT_USE_SMALL_DRIVERS -DSMALL_C_LIB -DALT_SINGLE_THREADED    -O0 -g -Wall   -mno-hw-div -mno-hw-mul -mno-hw-mulx  -o obj/default/hello_world.o hello_world.c
hello_world.c: In function 'main':
hello_world.c:39:11: warning: implicit declaration of function 'usleep' [-Wimplicit-function-declaration]
           usleep(5000000); // remover durante a simulação
           ^
[BSP build complete]
Info: Linking PonteH.elf
nios2-elf-g++  -T'../PonteH_bsp//linker.x' -msys-crt0='../PonteH_bsp//obj/HAL/src/crt0.o' -msys-lib=hal_bsp -L../PonteH_bsp/  -msmallc  -Wl,-Map=PonteH.map   -O0 -g -Wall   -mno-hw-div -mno-hw-mul -mno-hw-mulx  -o PonteH.elf obj/default/hello_world.o -lm -msys-lib=m
nios2-elf-insert PonteH.elf --thread_model hal --cpu_name nios2_gen2_0 --qsys true --simulation_enabled false --stderr_dev jtag_uart_0 --stdin_dev jtag_uart_0 --stdout_dev jtag_uart_0 --sopc_system_name niosHello --quartus_project_dir "/home/parallels/Documents/EmbarcadosAvancados/aula03_1" --jdi ../..//output_files/aula02.jdi --sopcinfo /home/parallels/Documents/EmbarcadosAvancados/aula03_1/software/PonteH_bsp/../../niosHello.sopcinfo
Info: (PonteH.elf) 7324 Bytes program size (code + initialized data).
Info:              124 KBytes free for stack + heap.
Info: Creating PonteH.objdump
nios2-elf-objdump --disassemble --syms --all-header --source PonteH.elf >PonteH.objdump
[PonteH build complete]
04:09:23 **** Incremental Build of configuration Nios II for project PonteH ****
make -j2 all 
Info: Building ../PonteH_bsp/
make --no-print-directory -C ../PonteH_bsp/
[BSP build complete]
[PonteH build complete]
04:09:57 **** Incremental Build of configuration Nios II for project PonteH ****
make -j2 all 
Info: Building ../PonteH_bsp/
make --no-print-directory -C ../PonteH_bsp/
Info: Compiling hello_world.c to obj/default/hello_world.o
nios2-elf-gcc -xc -MP -MMD -c -I../PonteH_bsp//HAL/inc -I../PonteH_bsp/ -I../PonteH_bsp//drivers/inc  -pipe -D__hal__ -DALT_NO_INSTRUCTION_EMULATION -DALT_USE_SMALL_DRIVERS -DSMALL_C_LIB -DALT_SINGLE_THREADED    -O0 -g -Wall   -mno-hw-div -mno-hw-mul -mno-hw-mulx  -o obj/default/hello_world.o hello_world.c
hello_world.c: In function 'main':
hello_world.c:39:11: warning: implicit declaration of function 'usleep' [-Wimplicit-function-declaration]
           usleep(500000); // remover durante a simulação
           ^
[BSP build complete]
Info: Linking PonteH.elf
nios2-elf-g++  -T'../PonteH_bsp//linker.x' -msys-crt0='../PonteH_bsp//obj/HAL/src/crt0.o' -msys-lib=hal_bsp -L../PonteH_bsp/  -msmallc  -Wl,-Map=PonteH.map   -O0 -g -Wall   -mno-hw-div -mno-hw-mul -mno-hw-mulx  -o PonteH.elf obj/default/hello_world.o -lm -msys-lib=m
nios2-elf-insert PonteH.elf --thread_model hal --cpu_name nios2_gen2_0 --qsys true --simulation_enabled false --stderr_dev jtag_uart_0 --stdin_dev jtag_uart_0 --stdout_dev jtag_uart_0 --sopc_system_name niosHello --quartus_project_dir "/home/parallels/Documents/EmbarcadosAvancados/aula03_1" --jdi ../..//output_files/aula02.jdi --sopcinfo /home/parallels/Documents/EmbarcadosAvancados/aula03_1/software/PonteH_bsp/../../niosHello.sopcinfo
Info: (PonteH.elf) 7324 Bytes program size (code + initialized data).
Info:              124 KBytes free for stack + heap.
Info: Creating PonteH.objdump
nios2-elf-objdump --disassemble --syms --all-header --source PonteH.elf >PonteH.objdump
[PonteH build complete]
04:29:21 **** Incremental Build of configuration Nios II for project PonteH ****
make -j2 all 
Info: Building ../PonteH_bsp/
Info: Compiling hello_world.c to obj/default/hello_world.o
make --no-print-directory -C ../PonteH_bsp/
nios2-elf-gcc -xc -MP -MMD -c -I../PonteH_bsp//HAL/inc -I../PonteH_bsp/ -I../PonteH_bsp//drivers/inc  -pipe -D__hal__ -DALT_NO_INSTRUCTION_EMULATION -DALT_USE_SMALL_DRIVERS -DSMALL_C_LIB -DALT_SINGLE_THREADED    -O0 -g -Wall   -mno-hw-div -mno-hw-mul -mno-hw-mulx  -o obj/default/hello_world.o hello_world.c
hello_world.c: In function 'main':
hello_world.c:41:7: error: 'reversed' undeclared (first use in this function)
       reversed ? (0x1 << reversed ? led-- : led++);
       ^
hello_world.c:41:7: note: each undeclared identifier is reported only once for each function it appears in
hello_world.c:41:51: error: expected ':' before ';' token
       reversed ? (0x1 << reversed ? led-- : led++);
                                                   ^
hello_world.c:43:11: warning: implicit declaration of function 'usleep' [-Wimplicit-function-declaration]
           usleep(500000); // remover durante a simulação
           ^
hello_world.c:50:38: error: macro "IORD_32DIRECT" requires 2 arguments, but only 1 given
    but_val = IORD_32DIRECT(PIO_1_BASE);
                                      ^
hello_world.c:50:14: error: 'IORD_32DIRECT' undeclared (first use in this function)
    but_val = IORD_32DIRECT(PIO_1_BASE);
              ^
hello_world.c:31:8: warning: unused variable 'reverse' [-Wunused-variable]
   char reverse = 0;
        ^
hello_world.c:30:17: warning: unused variable 'p_but' [-Wunused-variable]
   unsigned int *p_but = (unsigned int *) PIO_1_BASE;
                 ^
Makefile:775: recipe for target 'obj/default/hello_world.o' failed
make: *** [obj/default/hello_world.o] Error 1
make: *** Waiting for unfinished jobs....
[BSP build complete]
04:30:32 **** Incremental Build of configuration Nios II for project PonteH ****
make -j2 all 
Info: Building ../PonteH_bsp/
Info: Compiling hello_world.c to obj/default/hello_world.o
make --no-print-directory -C ../PonteH_bsp/
nios2-elf-gcc -xc -MP -MMD -c -I../PonteH_bsp//HAL/inc -I../PonteH_bsp/ -I../PonteH_bsp//drivers/inc  -pipe -D__hal__ -DALT_NO_INSTRUCTION_EMULATION -DALT_USE_SMALL_DRIVERS -DSMALL_C_LIB -DALT_SINGLE_THREADED    -O0 -g -Wall   -mno-hw-div -mno-hw-mul -mno-hw-mulx  -o obj/default/hello_world.o hello_world.c
hello_world.c: In function 'main':
hello_world.c:41:9: error: 'reversed' undeclared (first use in this function)
     if (reversed)
         ^
hello_world.c:41:9: note: each undeclared identifier is reported only once for each function it appears in
hello_world.c:46:11: warning: implicit declaration of function 'usleep' [-Wimplicit-function-declaration]
           usleep(500000); // remover durante a simulação
Makefile:775: recipe for target 'obj/default/hello_world.o' failed
           ^
hello_world.c:53:38: error: macro "IORD_32DIRECT" requires 2 arguments, but only 1 given
    but_val = IORD_32DIRECT(PIO_1_BASE);
                                      ^
hello_world.c:53:14: error: 'IORD_32DIRECT' undeclared (first use in this function)
    but_val = IORD_32DIRECT(PIO_1_BASE);
              ^
hello_world.c:31:8: warning: unused variable 'reverse' [-Wunused-variable]
   char reverse = 0;
        ^
hello_world.c:30:17: warning: unused variable 'p_but' [-Wunused-variable]
   unsigned int *p_but = (unsigned int *) PIO_1_BASE;
                 ^
make: *** [obj/default/hello_world.o] Error 1
make: *** Waiting for unfinished jobs....
[BSP build complete]
04:30:55 **** Incremental Build of configuration Nios II for project PonteH ****
make -j2 all 
Info: Building ../PonteH_bsp/
make --no-print-directory -C ../PonteH_bsp/
Info: Compiling hello_world.c to obj/default/hello_world.o
nios2-elf-gcc -xc -MP -MMD -c -I../PonteH_bsp//HAL/inc -I../PonteH_bsp/ -I../PonteH_bsp//drivers/inc  -pipe -D__hal__ -DALT_NO_INSTRUCTION_EMULATION -DALT_USE_SMALL_DRIVERS -DSMALL_C_LIB -DALT_SINGLE_THREADED    -O0 -g -Wall   -mno-hw-div -mno-hw-mul -mno-hw-mulx  -o obj/default/hello_world.o hello_world.c
hello_world.c: In function 'main':
hello_world.c:46:11: warning: implicit declaration of function 'usleep' [-Wimplicit-function-declaration]
           usleep(500000); // remover durante a simulação
           ^
hello_world.c:53:38: error: macro "IORD_32DIRECT" requires 2 arguments, but only 1 given
    but_val = IORD_32DIRECT(PIO_1_BASE);
                                      ^
hello_world.c:53:14: error: 'IORD_32DIRECT' undeclared (first use in this function)
    but_val = IORD_32DIRECT(PIO_1_BASE);
              ^
hello_world.c:53:14: note: each undeclared identifier is reported only once for each function it appears in
hello_world.c:30:17: warning: unused variable 'p_but' [-Wunused-variable]
   unsigned int *p_but = (unsigned int *) PIO_1_BASE;
                 ^
Makefile:775: recipe for target 'obj/default/hello_world.o' failed
make: *** [obj/default/hello_world.o] Error 1
make: *** Waiting for unfinished jobs....
[BSP build complete]
04:36:28 **** Incremental Build of configuration Nios II for project PonteH ****
make -j2 all 
Info: Building ../PonteH_bsp/
make --no-print-directory -C ../PonteH_bsp/
Info: Compiling hello_world.c to obj/default/hello_world.o
nios2-elf-gcc -xc -MP -MMD -c -I../PonteH_bsp//HAL/inc -I../PonteH_bsp/ -I../PonteH_bsp//drivers/inc  -pipe -D__hal__ -DALT_NO_INSTRUCTION_EMULATION -DALT_USE_SMALL_DRIVERS -DSMALL_C_LIB -DALT_SINGLE_THREADED    -O0 -g -Wall   -mno-hw-div -mno-hw-mul -mno-hw-mulx  -o obj/default/hello_world.o hello_world.c
hello_world.c: In function 'main':
hello_world.c:49:11: warning: implicit declaration of function 'usleep' [-Wimplicit-function-declaration]
           usleep(500000); // remover durante a simulação
           ^
hello_world.c:56:38: error: macro "IORD_32DIRECT" requires 2 arguments, but only 1 given
    but_val = IORD_32DIRECT(PIO_1_BASE);
                                      ^
hello_world.c:56:14: error: 'IORD_32DIRECT' undeclared (first use in this function)
    but_val = IORD_32DIRECT(PIO_1_BASE);
              ^
hello_world.c:56:14: note: each undeclared identifier is reported only once for each function it appears in
hello_world.c:33:17: warning: unused variable 'p_but' [-Wunused-variable]
   unsigned int *p_but = (unsigned int *) PIO_1_BASE;
                 ^
Makefile:775: recipe for target 'obj/default/hello_world.o' failed
make: *** [obj/default/hello_world.o] Error 1
make: *** Waiting for unfinished jobs....
[BSP build complete]
04:38:37 **** Incremental Build of configuration Nios II for project PonteH ****
make -j2 all 
Info: Building ../PonteH_bsp/
make --no-print-directory -C ../PonteH_bsp/
Info: Compiling hello_world.c to obj/default/hello_world.o
nios2-elf-gcc -xc -MP -MMD -c -I../PonteH_bsp//HAL/inc -I../PonteH_bsp/ -I../PonteH_bsp//drivers/inc  -pipe -D__hal__ -DALT_NO_INSTRUCTION_EMULATION -DALT_USE_SMALL_DRIVERS -DSMALL_C_LIB -DALT_SINGLE_THREADED    -O0 -g -Wall   -mno-hw-div -mno-hw-mul -mno-hw-mulx  -o obj/default/hello_world.o hello_world.c
hello_world.c: In function 'main':
hello_world.c:49:11: warning: implicit declaration of function 'usleep' [-Wimplicit-function-declaration]
           usleep(500000); // remover durante a simulação
           ^
[BSP build complete]
Info: Linking PonteH.elf
nios2-elf-g++  -T'../PonteH_bsp//linker.x' -msys-crt0='../PonteH_bsp//obj/HAL/src/crt0.o' -msys-lib=hal_bsp -L../PonteH_bsp/  -msmallc  -Wl,-Map=PonteH.map   -O0 -g -Wall   -mno-hw-div -mno-hw-mul -mno-hw-mulx  -o PonteH.elf obj/default/hello_world.o -lm -msys-lib=m
nios2-elf-insert PonteH.elf --thread_model hal --cpu_name nios2_gen2_0 --qsys true --simulation_enabled false --stderr_dev jtag_uart_0 --stdin_dev jtag_uart_0 --stdout_dev jtag_uart_0 --sopc_system_name niosHello --quartus_project_dir "/home/parallels/Documents/EmbarcadosAvancados/aula03_1" --jdi ../..//output_files/aula02.jdi --sopcinfo /home/parallels/Documents/EmbarcadosAvancados/aula03_1/software/PonteH_bsp/../../niosHello.sopcinfo
Info: (PonteH.elf) 7416 Bytes program size (code + initialized data).
Info:              124 KBytes free for stack + heap.
Info: Creating PonteH.objdump
nios2-elf-objdump --disassemble --syms --all-header --source PonteH.elf >PonteH.objdump
[PonteH build complete]
04:39:31 **** Incremental Build of configuration Nios II for project PonteH ****
make -j2 all 
Info: Building ../PonteH_bsp/
make --no-print-directory -C ../PonteH_bsp/
Info: Compiling hello_world.c to obj/default/hello_world.o
nios2-elf-gcc -xc -MP -MMD -c -I../PonteH_bsp//HAL/inc -I../PonteH_bsp/ -I../PonteH_bsp//drivers/inc  -pipe -D__hal__ -DALT_NO_INSTRUCTION_EMULATION -DALT_USE_SMALL_DRIVERS -DSMALL_C_LIB -DALT_SINGLE_THREADED    -O0 -g -Wall   -mno-hw-div -mno-hw-mul -mno-hw-mulx  -o obj/default/hello_world.o hello_world.c
hello_world.c: In function 'main':
hello_world.c:49:11: warning: implicit declaration of function 'usleep' [-Wimplicit-function-declaration]
           usleep(500000); // remover durante a simulação
           ^
[BSP build complete]
Info: Linking PonteH.elf
nios2-elf-g++  -T'../PonteH_bsp//linker.x' -msys-crt0='../PonteH_bsp//obj/HAL/src/crt0.o' -msys-lib=hal_bsp -L../PonteH_bsp/  -msmallc  -Wl,-Map=PonteH.map   -O0 -g -Wall   -mno-hw-div -mno-hw-mul -mno-hw-mulx  -o PonteH.elf obj/default/hello_world.o -lm -msys-lib=m
nios2-elf-insert PonteH.elf --thread_model hal --cpu_name nios2_gen2_0 --qsys true --simulation_enabled false --stderr_dev jtag_uart_0 --stdin_dev jtag_uart_0 --stdout_dev jtag_uart_0 --sopc_system_name niosHello --quartus_project_dir "/home/parallels/Documents/EmbarcadosAvancados/aula03_1" --jdi ../..//output_files/aula02.jdi --sopcinfo /home/parallels/Documents/EmbarcadosAvancados/aula03_1/software/PonteH_bsp/../../niosHello.sopcinfo
Info: (PonteH.elf) 7416 Bytes program size (code + initialized data).
Info:              124 KBytes free for stack + heap.
Info: Creating PonteH.objdump
nios2-elf-objdump --disassemble --syms --all-header --source PonteH.elf >PonteH.objdump
[PonteH build complete]
04:39:59 **** Incremental Build of configuration Nios II for project PonteH ****
make -j2 all 
Info: Compiling hello_world.c to obj/default/hello_world.o
Info: Building ../PonteH_bsp/
make --no-print-directory -C ../PonteH_bsp/
nios2-elf-gcc -xc -MP -MMD -c -I../PonteH_bsp//HAL/inc -I../PonteH_bsp/ -I../PonteH_bsp//drivers/inc  -pipe -D__hal__ -DALT_NO_INSTRUCTION_EMULATION -DALT_USE_SMALL_DRIVERS -DSMALL_C_LIB -DALT_SINGLE_THREADED    -O0 -g -Wall   -mno-hw-div -mno-hw-mul -mno-hw-mulx  -o obj/default/hello_world.o hello_world.c
hello_world.c: In function 'main':
hello_world.c:49:11: warning: implicit declaration of function 'usleep' [-Wimplicit-function-declaration]
           usleep(500000); // remover durante a simulação
           ^
[BSP build complete]
Info: Linking PonteH.elf
nios2-elf-g++  -T'../PonteH_bsp//linker.x' -msys-crt0='../PonteH_bsp//obj/HAL/src/crt0.o' -msys-lib=hal_bsp -L../PonteH_bsp/  -msmallc  -Wl,-Map=PonteH.map   -O0 -g -Wall   -mno-hw-div -mno-hw-mul -mno-hw-mulx  -o PonteH.elf obj/default/hello_world.o -lm -msys-lib=m
nios2-elf-insert PonteH.elf --thread_model hal --cpu_name nios2_gen2_0 --qsys true --simulation_enabled false --stderr_dev jtag_uart_0 --stdin_dev jtag_uart_0 --stdout_dev jtag_uart_0 --sopc_system_name niosHello --quartus_project_dir "/home/parallels/Documents/EmbarcadosAvancados/aula03_1" --jdi ../..//output_files/aula02.jdi --sopcinfo /home/parallels/Documents/EmbarcadosAvancados/aula03_1/software/PonteH_bsp/../../niosHello.sopcinfo
Info: (PonteH.elf) 7416 Bytes program size (code + initialized data).
Info:              124 KBytes free for stack + heap.
Info: Creating PonteH.objdump
nios2-elf-objdump --disassemble --syms --all-header --source PonteH.elf >PonteH.objdump
[PonteH build complete]
04:41:06 **** Incremental Build of configuration Nios II for project PonteH ****
make -j2 all 
Info: Compiling hello_world.c to obj/default/hello_world.o
Info: Building ../PonteH_bsp/
make --no-print-directory -C ../PonteH_bsp/
nios2-elf-gcc -xc -MP -MMD -c -I../PonteH_bsp//HAL/inc -I../PonteH_bsp/ -I../PonteH_bsp//drivers/inc  -pipe -D__hal__ -DALT_NO_INSTRUCTION_EMULATION -DALT_USE_SMALL_DRIVERS -DSMALL_C_LIB -DALT_SINGLE_THREADED    -O0 -g -Wall   -mno-hw-div -mno-hw-mul -mno-hw-mulx  -o obj/default/hello_world.o hello_world.c
[BSP build complete]
hello_world.c: In function 'main':
hello_world.c:49:11: warning: implicit declaration of function 'usleep' [-Wimplicit-function-declaration]
           usleep(500000); // remover durante a simulação
           ^
Info: Linking PonteH.elf
nios2-elf-g++  -T'../PonteH_bsp//linker.x' -msys-crt0='../PonteH_bsp//obj/HAL/src/crt0.o' -msys-lib=hal_bsp -L../PonteH_bsp/  -msmallc  -Wl,-Map=PonteH.map   -O0 -g -Wall   -mno-hw-div -mno-hw-mul -mno-hw-mulx  -o PonteH.elf obj/default/hello_world.o -lm -msys-lib=m
nios2-elf-insert PonteH.elf --thread_model hal --cpu_name nios2_gen2_0 --qsys true --simulation_enabled false --stderr_dev jtag_uart_0 --stdin_dev jtag_uart_0 --stdout_dev jtag_uart_0 --sopc_system_name niosHello --quartus_project_dir "/home/parallels/Documents/EmbarcadosAvancados/aula03_1" --jdi ../..//output_files/aula02.jdi --sopcinfo /home/parallels/Documents/EmbarcadosAvancados/aula03_1/software/PonteH_bsp/../../niosHello.sopcinfo
Info: (PonteH.elf) 7380 Bytes program size (code + initialized data).
Info:              124 KBytes free for stack + heap.
Info: Creating PonteH.objdump
nios2-elf-objdump --disassemble --syms --all-header --source PonteH.elf >PonteH.objdump
[PonteH build complete]
04:41:28 **** Incremental Build of configuration Nios II for project PonteH ****
make -j2 all 
Info: Building ../PonteH_bsp/
make --no-print-directory -C ../PonteH_bsp/
Info: Compiling hello_world.c to obj/default/hello_world.o
nios2-elf-gcc -xc -MP -MMD -c -I../PonteH_bsp//HAL/inc -I../PonteH_bsp/ -I../PonteH_bsp//drivers/inc  -pipe -D__hal__ -DALT_NO_INSTRUCTION_EMULATION -DALT_USE_SMALL_DRIVERS -DSMALL_C_LIB -DALT_SINGLE_THREADED    -O0 -g -Wall   -mno-hw-div -mno-hw-mul -mno-hw-mulx  -o obj/default/hello_world.o hello_world.c
hello_world.c: In function 'main':
hello_world.c:50:11: error: expected ';' before 'usleep'
           usleep(500000); // remover durante a simulação
           ^
Makefile:775: recipe for target 'obj/default/hello_world.o' failed
make: *** [obj/default/hello_world.o] Error 1
make: *** Waiting for unfinished jobs....
[BSP build complete]
04:41:40 **** Incremental Build of configuration Nios II for project PonteH ****
make -j2 all 
Info: Building ../PonteH_bsp/
make --no-print-directory -C ../PonteH_bsp/
Info: Compiling hello_world.c to obj/default/hello_world.o
nios2-elf-gcc -xc -MP -MMD -c -I../PonteH_bsp//HAL/inc -I../PonteH_bsp/ -I../PonteH_bsp//drivers/inc  -pipe -D__hal__ -DALT_NO_INSTRUCTION_EMULATION -DALT_USE_SMALL_DRIVERS -DSMALL_C_LIB -DALT_SINGLE_THREADED    -O0 -g -Wall   -mno-hw-div -mno-hw-mul -mno-hw-mulx  -o obj/default/hello_world.o hello_world.c
hello_world.c: In function 'main':
hello_world.c:50:11: warning: implicit declaration of function 'usleep' [-Wimplicit-function-declaration]
           usleep(500000); // remover durante a simulação
           ^
[BSP build complete]
Info: Linking PonteH.elf
nios2-elf-g++  -T'../PonteH_bsp//linker.x' -msys-crt0='../PonteH_bsp//obj/HAL/src/crt0.o' -msys-lib=hal_bsp -L../PonteH_bsp/  -msmallc  -Wl,-Map=PonteH.map   -O0 -g -Wall   -mno-hw-div -mno-hw-mul -mno-hw-mulx  -o PonteH.elf obj/default/hello_world.o -lm -msys-lib=m
nios2-elf-insert PonteH.elf --thread_model hal --cpu_name nios2_gen2_0 --qsys true --simulation_enabled false --stderr_dev jtag_uart_0 --stdin_dev jtag_uart_0 --stdout_dev jtag_uart_0 --sopc_system_name niosHello --quartus_project_dir "/home/parallels/Documents/EmbarcadosAvancados/aula03_1" --jdi ../..//output_files/aula02.jdi --sopcinfo /home/parallels/Documents/EmbarcadosAvancados/aula03_1/software/PonteH_bsp/../../niosHello.sopcinfo
Info: (PonteH.elf) 7392 Bytes program size (code + initialized data).
Info:              124 KBytes free for stack + heap.
Info: Creating PonteH.objdump
nios2-elf-objdump --disassemble --syms --all-header --source PonteH.elf >PonteH.objdump
[PonteH build complete]
04:42:26 **** Incremental Build of configuration Nios II for project PonteH ****
make -j2 all 
Info: Building ../PonteH_bsp/
make --no-print-directory -C ../PonteH_bsp/
Info: Compiling hello_world.c to obj/default/hello_world.o
nios2-elf-gcc -xc -MP -MMD -c -I../PonteH_bsp//HAL/inc -I../PonteH_bsp/ -I../PonteH_bsp//drivers/inc  -pipe -D__hal__ -DALT_NO_INSTRUCTION_EMULATION -DALT_USE_SMALL_DRIVERS -DSMALL_C_LIB -DALT_SINGLE_THREADED    -O0 -g -Wall   -mno-hw-div -mno-hw-mul -mno-hw-mulx  -o obj/default/hello_world.o hello_world.c
[BSP build complete]
hello_world.c: In function 'main':
hello_world.c:50:11: warning: implicit declaration of function 'usleep' [-Wimplicit-function-declaration]
           usleep(500000); // remover durante a simulação
           ^
Info: Linking PonteH.elf
nios2-elf-g++  -T'../PonteH_bsp//linker.x' -msys-crt0='../PonteH_bsp//obj/HAL/src/crt0.o' -msys-lib=hal_bsp -L../PonteH_bsp/  -msmallc  -Wl,-Map=PonteH.map   -O0 -g -Wall   -mno-hw-div -mno-hw-mul -mno-hw-mulx  -o PonteH.elf obj/default/hello_world.o -lm -msys-lib=m
nios2-elf-insert PonteH.elf --thread_model hal --cpu_name nios2_gen2_0 --qsys true --simulation_enabled false --stderr_dev jtag_uart_0 --stdin_dev jtag_uart_0 --stdout_dev jtag_uart_0 --sopc_system_name niosHello --quartus_project_dir "/home/parallels/Documents/EmbarcadosAvancados/aula03_1" --jdi ../..//output_files/aula02.jdi --sopcinfo /home/parallels/Documents/EmbarcadosAvancados/aula03_1/software/PonteH_bsp/../../niosHello.sopcinfo
Info: (PonteH.elf) 7392 Bytes program size (code + initialized data).
Info:              124 KBytes free for stack + heap.
Info: Creating PonteH.objdump
nios2-elf-objdump --disassemble --syms --all-header --source PonteH.elf >PonteH.objdump
[PonteH build complete]
04:43:01 **** Incremental Build of configuration Nios II for project PonteH ****
make -j2 all 
Info: Building ../PonteH_bsp/
make --no-print-directory -C ../PonteH_bsp/
Info: Compiling hello_world.c to obj/default/hello_world.o
nios2-elf-gcc -xc -MP -MMD -c -I../PonteH_bsp//HAL/inc -I../PonteH_bsp/ -I../PonteH_bsp//drivers/inc  -pipe -D__hal__ -DALT_NO_INSTRUCTION_EMULATION -DALT_USE_SMALL_DRIVERS -DSMALL_C_LIB -DALT_SINGLE_THREADED    -O0 -g -Wall   -mno-hw-div -mno-hw-mul -mno-hw-mulx  -o obj/default/hello_world.o hello_world.c
hello_world.c: In function 'main':
hello_world.c:49:11: warning: implicit declaration of function 'usleep' [-Wimplicit-function-declaration]
           usleep(500000); // remover durante a simulação
           ^
[BSP build complete]
Info: Linking PonteH.elf
nios2-elf-g++  -T'../PonteH_bsp//linker.x' -msys-crt0='../PonteH_bsp//obj/HAL/src/crt0.o' -msys-lib=hal_bsp -L../PonteH_bsp/  -msmallc  -Wl,-Map=PonteH.map   -O0 -g -Wall   -mno-hw-div -mno-hw-mul -mno-hw-mulx  -o PonteH.elf obj/default/hello_world.o -lm -msys-lib=m
nios2-elf-insert PonteH.elf --thread_model hal --cpu_name nios2_gen2_0 --qsys true --simulation_enabled false --stderr_dev jtag_uart_0 --stdin_dev jtag_uart_0 --stdout_dev jtag_uart_0 --sopc_system_name niosHello --quartus_project_dir "/home/parallels/Documents/EmbarcadosAvancados/aula03_1" --jdi ../..//output_files/aula02.jdi --sopcinfo /home/parallels/Documents/EmbarcadosAvancados/aula03_1/software/PonteH_bsp/../../niosHello.sopcinfo
Info: (PonteH.elf) 7416 Bytes program size (code + initialized data).
Info:              124 KBytes free for stack + heap.
Info: Creating PonteH.objdump
nios2-elf-objdump --disassemble --syms --all-header --source PonteH.elf >PonteH.objdump
[PonteH build complete]
04:46:40 **** Incremental Build of configuration Nios II for project PonteH ****
make -j2 all 
Info: Building ../PonteH_bsp/
Info: Compiling hello_world.c to obj/default/hello_world.o
make --no-print-directory -C ../PonteH_bsp/
nios2-elf-gcc -xc -MP -MMD -c -I../PonteH_bsp//HAL/inc -I../PonteH_bsp/ -I../PonteH_bsp//drivers/inc  -pipe -D__hal__ -DALT_NO_INSTRUCTION_EMULATION -DALT_USE_SMALL_DRIVERS -DSMALL_C_LIB -DALT_SINGLE_THREADED    -O0 -g -Wall   -mno-hw-div -mno-hw-mul -mno-hw-mulx  -o obj/default/hello_world.o hello_world.c
hello_world.c: In function 'main':
hello_world.c:49:11: warning: implicit declaration of function 'usleep' [-Wimplicit-function-declaration]
           usleep(500000); // remover durante a simulação
           ^
[BSP build complete]
Info: Linking PonteH.elf
nios2-elf-g++  -T'../PonteH_bsp//linker.x' -msys-crt0='../PonteH_bsp//obj/HAL/src/crt0.o' -msys-lib=hal_bsp -L../PonteH_bsp/  -msmallc  -Wl,-Map=PonteH.map   -O0 -g -Wall   -mno-hw-div -mno-hw-mul -mno-hw-mulx  -o PonteH.elf obj/default/hello_world.o -lm -msys-lib=m
nios2-elf-insert PonteH.elf --thread_model hal --cpu_name nios2_gen2_0 --qsys true --simulation_enabled false --stderr_dev jtag_uart_0 --stdin_dev jtag_uart_0 --stdout_dev jtag_uart_0 --sopc_system_name niosHello --quartus_project_dir "/home/parallels/Documents/EmbarcadosAvancados/aula03_1" --jdi ../..//output_files/aula02.jdi --sopcinfo /home/parallels/Documents/EmbarcadosAvancados/aula03_1/software/PonteH_bsp/../../niosHello.sopcinfo
Info: (PonteH.elf) 9040 Bytes program size (code + initialized data).
Info:              124 KBytes free for stack + heap.
Info: Creating PonteH.objdump
nios2-elf-objdump --disassemble --syms --all-header --source PonteH.elf >PonteH.objdump
[PonteH build complete]
04:47:05 **** Incremental Build of configuration Nios II for project PonteH ****
make -j2 all 
Info: Building ../PonteH_bsp/
make --no-print-directory -C ../PonteH_bsp/
Info: Compiling hello_world.c to obj/default/hello_world.o
nios2-elf-gcc -xc -MP -MMD -c -I../PonteH_bsp//HAL/inc -I../PonteH_bsp/ -I../PonteH_bsp//drivers/inc  -pipe -D__hal__ -DALT_NO_INSTRUCTION_EMULATION -DALT_USE_SMALL_DRIVERS -DSMALL_C_LIB -DALT_SINGLE_THREADED    -O0 -g -Wall   -mno-hw-div -mno-hw-mul -mno-hw-mulx  -o obj/default/hello_world.o hello_world.c
hello_world.c: In function 'main':
hello_world.c:49:11: warning: implicit declaration of function 'usleep' [-Wimplicit-function-declaration]
           usleep(500000); // remover durante a simulação
           ^
[BSP build complete]
Info: Linking PonteH.elf
nios2-elf-g++  -T'../PonteH_bsp//linker.x' -msys-crt0='../PonteH_bsp//obj/HAL/src/crt0.o' -msys-lib=hal_bsp -L../PonteH_bsp/  -msmallc  -Wl,-Map=PonteH.map   -O0 -g -Wall   -mno-hw-div -mno-hw-mul -mno-hw-mulx  -o PonteH.elf obj/default/hello_world.o -lm -msys-lib=m
nios2-elf-insert PonteH.elf --thread_model hal --cpu_name nios2_gen2_0 --qsys true --simulation_enabled false --stderr_dev jtag_uart_0 --stdin_dev jtag_uart_0 --stdout_dev jtag_uart_0 --sopc_system_name niosHello --quartus_project_dir "/home/parallels/Documents/EmbarcadosAvancados/aula03_1" --jdi ../..//output_files/aula02.jdi --sopcinfo /home/parallels/Documents/EmbarcadosAvancados/aula03_1/software/PonteH_bsp/../../niosHello.sopcinfo
Info: (PonteH.elf) 9044 Bytes program size (code + initialized data).
Info:              124 KBytes free for stack + heap.
Info: Creating PonteH.objdump
nios2-elf-objdump --disassemble --syms --all-header --source PonteH.elf >PonteH.objdump
[PonteH build complete]
04:47:23 **** Incremental Build of configuration Nios II for project PonteH ****
make -j2 all 
Info: Compiling hello_world.c to obj/default/hello_world.o
Info: Building ../PonteH_bsp/
make --no-print-directory -C ../PonteH_bsp/
nios2-elf-gcc -xc -MP -MMD -c -I../PonteH_bsp//HAL/inc -I../PonteH_bsp/ -I../PonteH_bsp//drivers/inc  -pipe -D__hal__ -DALT_NO_INSTRUCTION_EMULATION -DALT_USE_SMALL_DRIVERS -DSMALL_C_LIB -DALT_SINGLE_THREADED    -O0 -g -Wall   -mno-hw-div -mno-hw-mul -mno-hw-mulx  -o obj/default/hello_world.o hello_world.c
hello_world.c: In function 'main':
hello_world.c:49:11: warning: implicit declaration of function 'usleep' [-Wimplicit-function-declaration]
           usleep(500000); // remover durante a simulação
           ^
[BSP build complete]
Info: Linking PonteH.elf
nios2-elf-g++  -T'../PonteH_bsp//linker.x' -msys-crt0='../PonteH_bsp//obj/HAL/src/crt0.o' -msys-lib=hal_bsp -L../PonteH_bsp/  -msmallc  -Wl,-Map=PonteH.map   -O0 -g -Wall   -mno-hw-div -mno-hw-mul -mno-hw-mulx  -o PonteH.elf obj/default/hello_world.o -lm -msys-lib=m
nios2-elf-insert PonteH.elf --thread_model hal --cpu_name nios2_gen2_0 --qsys true --simulation_enabled false --stderr_dev jtag_uart_0 --stdin_dev jtag_uart_0 --stdout_dev jtag_uart_0 --sopc_system_name niosHello --quartus_project_dir "/home/parallels/Documents/EmbarcadosAvancados/aula03_1" --jdi ../..//output_files/aula02.jdi --sopcinfo /home/parallels/Documents/EmbarcadosAvancados/aula03_1/software/PonteH_bsp/../../niosHello.sopcinfo
Info: (PonteH.elf) 9044 Bytes program size (code + initialized data).
Info:              124 KBytes free for stack + heap.
Info: Creating PonteH.objdump
nios2-elf-objdump --disassemble --syms --all-header --source PonteH.elf >PonteH.objdump
[PonteH build complete]
04:48:24 **** Incremental Build of configuration Nios II for project PonteH ****
make -j2 all 
Info: Building ../PonteH_bsp/
make --no-print-directory -C ../PonteH_bsp/
Info: Compiling hello_world.c to obj/default/hello_world.o
nios2-elf-gcc -xc -MP -MMD -c -I../PonteH_bsp//HAL/inc -I../PonteH_bsp/ -I../PonteH_bsp//drivers/inc  -pipe -D__hal__ -DALT_NO_INSTRUCTION_EMULATION -DALT_USE_SMALL_DRIVERS -DSMALL_C_LIB -DALT_SINGLE_THREADED    -O0 -g -Wall   -mno-hw-div -mno-hw-mul -mno-hw-mulx  -o obj/default/hello_world.o hello_world.c
hello_world.c: In function 'main':
hello_world.c:49:11: warning: implicit declaration of function 'usleep' [-Wimplicit-function-declaration]
           usleep(500000); // remover durante a simulação
           ^
[BSP build complete]
Info: Linking PonteH.elf
nios2-elf-g++  -T'../PonteH_bsp//linker.x' -msys-crt0='../PonteH_bsp//obj/HAL/src/crt0.o' -msys-lib=hal_bsp -L../PonteH_bsp/  -msmallc  -Wl,-Map=PonteH.map   -O0 -g -Wall   -mno-hw-div -mno-hw-mul -mno-hw-mulx  -o PonteH.elf obj/default/hello_world.o -lm -msys-lib=m
nios2-elf-insert PonteH.elf --thread_model hal --cpu_name nios2_gen2_0 --qsys true --simulation_enabled false --stderr_dev jtag_uart_0 --stdin_dev jtag_uart_0 --stdout_dev jtag_uart_0 --sopc_system_name niosHello --quartus_project_dir "/home/parallels/Documents/EmbarcadosAvancados/aula03_1" --jdi ../..//output_files/aula02.jdi --sopcinfo /home/parallels/Documents/EmbarcadosAvancados/aula03_1/software/PonteH_bsp/../../niosHello.sopcinfo
Info: (PonteH.elf) 9064 Bytes program size (code + initialized data).
Info:              124 KBytes free for stack + heap.
Info: Creating PonteH.objdump
nios2-elf-objdump --disassemble --syms --all-header --source PonteH.elf >PonteH.objdump
[PonteH build complete]
04:48:46 **** Incremental Build of configuration Nios II for project PonteH ****
make -j2 all 
Info: Building ../PonteH_bsp/
make --no-print-directory -C ../PonteH_bsp/
Info: Compiling hello_world.c to obj/default/hello_world.o
nios2-elf-gcc -xc -MP -MMD -c -I../PonteH_bsp//HAL/inc -I../PonteH_bsp/ -I../PonteH_bsp//drivers/inc  -pipe -D__hal__ -DALT_NO_INSTRUCTION_EMULATION -DALT_USE_SMALL_DRIVERS -DSMALL_C_LIB -DALT_SINGLE_THREADED    -O0 -g -Wall   -mno-hw-div -mno-hw-mul -mno-hw-mulx  -o obj/default/hello_world.o hello_world.c
[BSP build complete]
hello_world.c: In function 'main':
hello_world.c:49:11: warning: implicit declaration of function 'usleep' [-Wimplicit-function-declaration]
           usleep(500000); // remover durante a simulação
           ^
Info: Linking PonteH.elf
nios2-elf-g++  -T'../PonteH_bsp//linker.x' -msys-crt0='../PonteH_bsp//obj/HAL/src/crt0.o' -msys-lib=hal_bsp -L../PonteH_bsp/  -msmallc  -Wl,-Map=PonteH.map   -O0 -g -Wall   -mno-hw-div -mno-hw-mul -mno-hw-mulx  -o PonteH.elf obj/default/hello_world.o -lm -msys-lib=m
nios2-elf-insert PonteH.elf --thread_model hal --cpu_name nios2_gen2_0 --qsys true --simulation_enabled false --stderr_dev jtag_uart_0 --stdin_dev jtag_uart_0 --stdout_dev jtag_uart_0 --sopc_system_name niosHello --quartus_project_dir "/home/parallels/Documents/EmbarcadosAvancados/aula03_1" --jdi ../..//output_files/aula02.jdi --sopcinfo /home/parallels/Documents/EmbarcadosAvancados/aula03_1/software/PonteH_bsp/../../niosHello.sopcinfo
Info: (PonteH.elf) 9064 Bytes program size (code + initialized data).
Info:              124 KBytes free for stack + heap.
Info: Creating PonteH.objdump
nios2-elf-objdump --disassemble --syms --all-header --source PonteH.elf >PonteH.objdump
[PonteH build complete]
04:58:10 **** Incremental Build of configuration Nios II for project PonteH ****
make -j2 all 
Info: Building ../PonteH_bsp/
make --no-print-directory -C ../PonteH_bsp/
Info: Compiling hello_world.c to obj/default/hello_world.o
nios2-elf-gcc -xc -MP -MMD -c -I../PonteH_bsp//HAL/inc -I../PonteH_bsp/ -I../PonteH_bsp//drivers/inc  -pipe -D__hal__ -DALT_NO_INSTRUCTION_EMULATION -DALT_USE_SMALL_DRIVERS -DSMALL_C_LIB -DALT_SINGLE_THREADED    -O0 -g -Wall   -mno-hw-div -mno-hw-mul -mno-hw-mulx  -o obj/default/hello_world.o hello_world.c
hello_world.c: In function 'init_pio':
hello_world.c:47:2: warning: implicit declaration of function 'alt_irq_register' [-Wimplicit-function-declaration]
  alt_irq_register(PIO_1_IRQ, edge_capture_ptr,
  ^
hello_world.c: In function 'main':
hello_world.c:72:11: warning: implicit declaration of function 'usleep' [-Wimplicit-function-declaration]
           usleep(500000); // remover durante a simulação
           ^
[BSP build complete]
Info: Linking PonteH.elf
nios2-elf-g++  -T'../PonteH_bsp//linker.x' -msys-crt0='../PonteH_bsp//obj/HAL/src/crt0.o' -msys-lib=hal_bsp -L../PonteH_bsp/  -msmallc  -Wl,-Map=PonteH.map   -O0 -g -Wall   -mno-hw-div -mno-hw-mul -mno-hw-mulx  -o PonteH.elf obj/default/hello_world.o -lm -msys-lib=m
nios2-elf-insert PonteH.elf --thread_model hal --cpu_name nios2_gen2_0 --qsys true --simulation_enabled false --stderr_dev jtag_uart_0 --stdin_dev jtag_uart_0 --stdout_dev jtag_uart_0 --sopc_system_name niosHello --quartus_project_dir "/home/parallels/Documents/EmbarcadosAvancados/aula03_1" --jdi ../..//output_files/aula02.jdi --sopcinfo /home/parallels/Documents/EmbarcadosAvancados/aula03_1/software/PonteH_bsp/../../niosHello.sopcinfo
Info: (PonteH.elf) 10 KBytes program size (code + initialized data).
Info:              123 KBytes free for stack + heap.
Info: Creating PonteH.objdump
nios2-elf-objdump --disassemble --syms --all-header --source PonteH.elf >PonteH.objdump
[PonteH build complete]
04:59:37 **** Incremental Build of configuration Nios II for project PonteH ****
make -j2 all 
Info: Building ../PonteH_bsp/
Info: Compiling hello_world.c to obj/default/hello_world.o
make --no-print-directory -C ../PonteH_bsp/
nios2-elf-gcc -xc -MP -MMD -c -I../PonteH_bsp//HAL/inc -I../PonteH_bsp/ -I../PonteH_bsp//drivers/inc  -pipe -D__hal__ -DALT_NO_INSTRUCTION_EMULATION -DALT_USE_SMALL_DRIVERS -DSMALL_C_LIB -DALT_SINGLE_THREADED    -O0 -g -Wall   -mno-hw-div -mno-hw-mul -mno-hw-mulx  -o obj/default/hello_world.o hello_world.c
hello_world.c: In function 'init_pio':
hello_world.c:47:2: warning: implicit declaration of function 'alt_irq_register' [-Wimplicit-function-declaration]
  alt_irq_register(PIO_1_IRQ, edge_capture_ptr,
  ^
hello_world.c: In function 'main':
hello_world.c:71:11: warning: implicit declaration of function 'usleep' [-Wimplicit-function-declaration]
           usleep(500000); // remover durante a simulação
           ^
hello_world.c:54:17: warning: unused variable 'p_but' [-Wunused-variable]
   unsigned int *p_but = (unsigned int *) PIO_1_BASE;
                 ^
[BSP build complete]
Info: Linking PonteH.elf
nios2-elf-g++  -T'../PonteH_bsp//linker.x' -msys-crt0='../PonteH_bsp//obj/HAL/src/crt0.o' -msys-lib=hal_bsp -L../PonteH_bsp/  -msmallc  -Wl,-Map=PonteH.map   -O0 -g -Wall   -mno-hw-div -mno-hw-mul -mno-hw-mulx  -o PonteH.elf obj/default/hello_world.o -lm -msys-lib=m
nios2-elf-insert PonteH.elf --thread_model hal --cpu_name nios2_gen2_0 --qsys true --simulation_enabled false --stderr_dev jtag_uart_0 --stdin_dev jtag_uart_0 --stdout_dev jtag_uart_0 --sopc_system_name niosHello --quartus_project_dir "/home/parallels/Documents/EmbarcadosAvancados/aula03_1" --jdi ../..//output_files/aula02.jdi --sopcinfo /home/parallels/Documents/EmbarcadosAvancados/aula03_1/software/PonteH_bsp/../../niosHello.sopcinfo
Info: (PonteH.elf) 9064 Bytes program size (code + initialized data).
Info:              123 KBytes free for stack + heap.
Info: Creating PonteH.objdump
nios2-elf-objdump --disassemble --syms --all-header --source PonteH.elf >PonteH.objdump
[PonteH build complete]
05:00:15 **** Incremental Build of configuration Nios II for project PonteH ****
make -j2 all 
Info: Building ../PonteH_bsp/
make --no-print-directory -C ../PonteH_bsp/
Info: Compiling hello_world.c to obj/default/hello_world.o
nios2-elf-gcc -xc -MP -MMD -c -I../PonteH_bsp//HAL/inc -I../PonteH_bsp/ -I../PonteH_bsp//drivers/inc  -pipe -D__hal__ -DALT_NO_INSTRUCTION_EMULATION -DALT_USE_SMALL_DRIVERS -DSMALL_C_LIB -DALT_SINGLE_THREADED    -O0 -g -Wall   -mno-hw-div -mno-hw-mul -mno-hw-mulx  -o obj/default/hello_world.o hello_world.c
hello_world.c: In function 'init_pio':
hello_world.c:48:2: warning: implicit declaration of function 'alt_irq_register' [-Wimplicit-function-declaration]
  alt_irq_register(PIO_1_IRQ, edge_capture_ptr,
  ^
hello_world.c: In function 'main':
hello_world.c:72:11: warning: implicit declaration of function 'usleep' [-Wimplicit-function-declaration]
           usleep(500000); // remover durante a simulação
           ^
hello_world.c:55:17: warning: unused variable 'p_but' [-Wunused-variable]
   unsigned int *p_but = (unsigned int *) PIO_1_BASE;
                 ^
[BSP build complete]
Info: Linking PonteH.elf
nios2-elf-g++  -T'../PonteH_bsp//linker.x' -msys-crt0='../PonteH_bsp//obj/HAL/src/crt0.o' -msys-lib=hal_bsp -L../PonteH_bsp/  -msmallc  -Wl,-Map=PonteH.map   -O0 -g -Wall   -mno-hw-div -mno-hw-mul -mno-hw-mulx  -o PonteH.elf obj/default/hello_world.o -lm -msys-lib=m
nios2-elf-insert PonteH.elf --thread_model hal --cpu_name nios2_gen2_0 --qsys true --simulation_enabled false --stderr_dev jtag_uart_0 --stdin_dev jtag_uart_0 --stdout_dev jtag_uart_0 --sopc_system_name niosHello --quartus_project_dir "/home/parallels/Documents/EmbarcadosAvancados/aula03_1" --jdi ../..//output_files/aula02.jdi --sopcinfo /home/parallels/Documents/EmbarcadosAvancados/aula03_1/software/PonteH_bsp/../../niosHello.sopcinfo
Info: (PonteH.elf) 9108 Bytes program size (code + initialized data).
Info:              123 KBytes free for stack + heap.
Info: Creating PonteH.objdump
nios2-elf-objdump --disassemble --syms --all-header --source PonteH.elf >PonteH.objdump
[PonteH build complete]
05:01:23 **** Incremental Build of configuration Nios II for project PonteH ****
make -j2 all 
Info: Building ../PonteH_bsp/
make --no-print-directory -C ../PonteH_bsp/
Info: Compiling hello_world.c to obj/default/hello_world.o
nios2-elf-gcc -xc -MP -MMD -c -I../PonteH_bsp//HAL/inc -I../PonteH_bsp/ -I../PonteH_bsp//drivers/inc  -pipe -D__hal__ -DALT_NO_INSTRUCTION_EMULATION -DALT_USE_SMALL_DRIVERS -DSMALL_C_LIB -DALT_SINGLE_THREADED    -O0 -g -Wall   -mno-hw-div -mno-hw-mul -mno-hw-mulx  -o obj/default/hello_world.o hello_world.c
hello_world.c: In function 'handle_button_interrupts':
hello_world.c:36:16: warning: unused variable 'edge_capture_ptr' [-Wunused-variable]
  volatile int *edge_capture_ptr = (volatile int *) context;
                ^
hello_world.c: In function 'init_pio':
hello_world.c:49:2: warning: implicit declaration of function 'alt_irq_register' [-Wimplicit-function-declaration]
  alt_irq_register(PIO_1_IRQ, edge_capture_ptr,
  ^
hello_world.c: In function 'main':
hello_world.c:73:11: warning: implicit declaration of function 'usleep' [-Wimplicit-function-declaration]
           usleep(500000); // remover durante a simulação
           ^
hello_world.c:56:17: warning: unused variable 'p_but' [-Wunused-variable]
   unsigned int *p_but = (unsigned int *) PIO_1_BASE;
                 ^
[BSP build complete]
Info: Linking PonteH.elf
nios2-elf-g++  -T'../PonteH_bsp//linker.x' -msys-crt0='../PonteH_bsp//obj/HAL/src/crt0.o' -msys-lib=hal_bsp -L../PonteH_bsp/  -msmallc  -Wl,-Map=PonteH.map   -O0 -g -Wall   -mno-hw-div -mno-hw-mul -mno-hw-mulx  -o PonteH.elf obj/default/hello_world.o -lm -msys-lib=m
nios2-elf-insert PonteH.elf --thread_model hal --cpu_name nios2_gen2_0 --qsys true --simulation_enabled false --stderr_dev jtag_uart_0 --stdin_dev jtag_uart_0 --stdout_dev jtag_uart_0 --sopc_system_name niosHello --quartus_project_dir "/home/parallels/Documents/EmbarcadosAvancados/aula03_1" --jdi ../..//output_files/aula02.jdi --sopcinfo /home/parallels/Documents/EmbarcadosAvancados/aula03_1/software/PonteH_bsp/../../niosHello.sopcinfo
Info: (PonteH.elf) 9032 Bytes program size (code + initialized data).
Info:              123 KBytes free for stack + heap.
Info: Creating PonteH.objdump
nios2-elf-objdump --disassemble --syms --all-header --source PonteH.elf >PonteH.objdump
[PonteH build complete]
05:02:19 **** Incremental Build of configuration Nios II for project PonteH ****
make -j2 all 
Info: Building ../PonteH_bsp/
Info: Compiling hello_world.c to obj/default/hello_world.o
make --no-print-directory -C ../PonteH_bsp/
nios2-elf-gcc -xc -MP -MMD -c -I../PonteH_bsp//HAL/inc -I../PonteH_bsp/ -I../PonteH_bsp//drivers/inc  -pipe -D__hal__ -DALT_NO_INSTRUCTION_EMULATION -DALT_USE_SMALL_DRIVERS -DSMALL_C_LIB -DALT_SINGLE_THREADED    -O0 -g -Wall   -mno-hw-div -mno-hw-mul -mno-hw-mulx  -o obj/default/hello_world.o hello_world.c
hello_world.c: In function 'handle_button_interrupts':
hello_world.c:36:16: warning: unused variable 'edge_capture_ptr' [-Wunused-variable]
  volatile int *edge_capture_ptr = (volatile int *) context;
                ^
hello_world.c: In function 'init_pio':
hello_world.c:49:2: warning: implicit declaration of function 'alt_irq_register' [-Wimplicit-function-declaration]
  alt_irq_register(PIO_1_IRQ, edge_capture_ptr,
  ^
hello_world.c: In function 'main':
hello_world.c:73:11: warning: implicit declaration of function 'usleep' [-Wimplicit-function-declaration]
           usleep(500000); // remover durante a simulação
           ^
hello_world.c:56:17: warning: unused variable 'p_but' [-Wunused-variable]
   unsigned int *p_but = (unsigned int *) PIO_1_BASE;
                 ^
[BSP build complete]
Info: Linking PonteH.elf
nios2-elf-g++  -T'../PonteH_bsp//linker.x' -msys-crt0='../PonteH_bsp//obj/HAL/src/crt0.o' -msys-lib=hal_bsp -L../PonteH_bsp/  -msmallc  -Wl,-Map=PonteH.map   -O0 -g -Wall   -mno-hw-div -mno-hw-mul -mno-hw-mulx  -o PonteH.elf obj/default/hello_world.o -lm -msys-lib=m
nios2-elf-insert PonteH.elf --thread_model hal --cpu_name nios2_gen2_0 --qsys true --simulation_enabled false --stderr_dev jtag_uart_0 --stdin_dev jtag_uart_0 --stdout_dev jtag_uart_0 --sopc_system_name niosHello --quartus_project_dir "/home/parallels/Documents/EmbarcadosAvancados/aula03_1" --jdi ../..//output_files/aula02.jdi --sopcinfo /home/parallels/Documents/EmbarcadosAvancados/aula03_1/software/PonteH_bsp/../../niosHello.sopcinfo
Info: (PonteH.elf) 9048 Bytes program size (code + initialized data).
Info:              123 KBytes free for stack + heap.
Info: Creating PonteH.objdump
nios2-elf-objdump --disassemble --syms --all-header --source PonteH.elf >PonteH.objdump
[PonteH build complete]
05:03:22 **** Incremental Build of configuration Nios II for project PonteH ****
make -j2 all 
Info: Building ../PonteH_bsp/
make --no-print-directory -C ../PonteH_bsp/
Info: Compiling hello_world.c to obj/default/hello_world.o
nios2-elf-gcc -xc -MP -MMD -c -I../PonteH_bsp//HAL/inc -I../PonteH_bsp/ -I../PonteH_bsp//drivers/inc  -pipe -D__hal__ -DALT_NO_INSTRUCTION_EMULATION -DALT_USE_SMALL_DRIVERS -DSMALL_C_LIB -DALT_SINGLE_THREADED    -O0 -g -Wall   -mno-hw-div -mno-hw-mul -mno-hw-mulx  -o obj/default/hello_world.o hello_world.c
hello_world.c: In function 'handle_button_interrupts':
hello_world.c:36:16: warning: unused variable 'edge_capture_ptr' [-Wunused-variable]
  volatile int *edge_capture_ptr = (volatile int *) context;
                ^
hello_world.c: In function 'init_pio':
hello_world.c:50:2: warning: implicit declaration of function 'alt_irq_register' [-Wimplicit-function-declaration]
  alt_irq_register(PIO_1_IRQ, edge_capture_ptr,
  ^
hello_world.c: In function 'main':
hello_world.c:74:11: warning: implicit declaration of function 'usleep' [-Wimplicit-function-declaration]
           usleep(500000); // remover durante a simulação
           ^
hello_world.c:57:17: warning: unused variable 'p_but' [-Wunused-variable]
   unsigned int *p_but = (unsigned int *) PIO_1_BASE;
                 ^
[BSP build complete]
Info: Linking PonteH.elf
nios2-elf-g++  -T'../PonteH_bsp//linker.x' -msys-crt0='../PonteH_bsp//obj/HAL/src/crt0.o' -msys-lib=hal_bsp -L../PonteH_bsp/  -msmallc  -Wl,-Map=PonteH.map   -O0 -g -Wall   -mno-hw-div -mno-hw-mul -mno-hw-mulx  -o PonteH.elf obj/default/hello_world.o -lm -msys-lib=m
nios2-elf-insert PonteH.elf --thread_model hal --cpu_name nios2_gen2_0 --qsys true --simulation_enabled false --stderr_dev jtag_uart_0 --stdin_dev jtag_uart_0 --stdout_dev jtag_uart_0 --sopc_system_name niosHello --quartus_project_dir "/home/parallels/Documents/EmbarcadosAvancados/aula03_1" --jdi ../..//output_files/aula02.jdi --sopcinfo /home/parallels/Documents/EmbarcadosAvancados/aula03_1/software/PonteH_bsp/../../niosHello.sopcinfo
Info: (PonteH.elf) 9048 Bytes program size (code + initialized data).
Info:              123 KBytes free for stack + heap.
Info: Creating PonteH.objdump
nios2-elf-objdump --disassemble --syms --all-header --source PonteH.elf >PonteH.objdump
[PonteH build complete]
05:03:57 **** Incremental Build of configuration Nios II for project PonteH ****
make -j2 all 
Info: Building ../PonteH_bsp/
make --no-print-directory -C ../PonteH_bsp/
Info: Compiling hello_world.c to obj/default/hello_world.o
nios2-elf-gcc -xc -MP -MMD -c -I../PonteH_bsp//HAL/inc -I../PonteH_bsp/ -I../PonteH_bsp//drivers/inc  -pipe -D__hal__ -DALT_NO_INSTRUCTION_EMULATION -DALT_USE_SMALL_DRIVERS -DSMALL_C_LIB -DALT_SINGLE_THREADED    -O0 -g -Wall   -mno-hw-div -mno-hw-mul -mno-hw-mulx  -o obj/default/hello_world.o hello_world.c
hello_world.c: In function 'handle_button_interrupts':
hello_world.c:36:16: warning: unused variable 'edge_capture_ptr' [-Wunused-variable]
  volatile int *edge_capture_ptr = (volatile int *) context;
                ^
hello_world.c: In function 'init_pio':
hello_world.c:50:2: warning: implicit declaration of function 'alt_irq_register' [-Wimplicit-function-declaration]
  alt_irq_register(PIO_1_IRQ, edge_capture_ptr,
  ^
hello_world.c: In function 'main':
hello_world.c:70:5: error: expected ';' before 'if'
     if (*reversed)
     ^
hello_world.c:72:5: error: expected '}' before 'else'
     else
     ^
hello_world.c:75:11: warning: implicit declaration of function 'usleep' [-Wimplicit-function-declaration]
           usleep(500000); // remover durante a simulação
           ^
hello_world.c:78:4: error: 'else' without a previous 'if'
    else{
    ^
hello_world.c:57:17: warning: unused variable 'p_but' [-Wunused-variable]
   unsigned int *p_but = (unsigned int *) PIO_1_BASE;
                 ^
hello_world.c: At top level:
hello_world.c:84:3: error: expected identifier or '(' before 'return'
   return 0;
   ^
hello_world.c:85:1: error: expected identifier or '(' before '}' token
 }
 ^
Makefile:775: recipe for target 'obj/default/hello_world.o' failed
make: *** [obj/default/hello_world.o] Error 1
make: *** Waiting for unfinished jobs....
[BSP build complete]
05:04:07 **** Incremental Build of configuration Nios II for project PonteH ****
make -j2 all 
Info: Building ../PonteH_bsp/
make --no-print-directory -C ../PonteH_bsp/
Info: Compiling hello_world.c to obj/default/hello_world.o
nios2-elf-gcc -xc -MP -MMD -c -I../PonteH_bsp//HAL/inc -I../PonteH_bsp/ -I../PonteH_bsp//drivers/inc  -pipe -D__hal__ -DALT_NO_INSTRUCTION_EMULATION -DALT_USE_SMALL_DRIVERS -DSMALL_C_LIB -DALT_SINGLE_THREADED    -O0 -g -Wall   -mno-hw-div -mno-hw-mul -mno-hw-mulx  -o obj/default/hello_world.o hello_world.c
hello_world.c: In function 'handle_button_interrupts':
hello_world.c:36:16: warning: unused variable 'edge_capture_ptr' [-Wunused-variable]
  volatile int *edge_capture_ptr = (volatile int *) context;
                ^
hello_world.c: In function 'init_pio':
hello_world.c:50:2: warning: implicit declaration of function 'alt_irq_register' [-Wimplicit-function-declaration]
  alt_irq_register(PIO_1_IRQ, edge_capture_ptr,
  ^
hello_world.c: In function 'main':
hello_world.c:75:11: warning: implicit declaration of function 'usleep' [-Wimplicit-function-declaration]
           usleep(500000); // remover durante a simulação
           ^
hello_world.c:57:17: warning: unused variable 'p_but' [-Wunused-variable]
   unsigned int *p_but = (unsigned int *) PIO_1_BASE;
                 ^
[BSP build complete]
Info: Linking PonteH.elf
nios2-elf-g++  -T'../PonteH_bsp//linker.x' -msys-crt0='../PonteH_bsp//obj/HAL/src/crt0.o' -msys-lib=hal_bsp -L../PonteH_bsp/  -msmallc  -Wl,-Map=PonteH.map   -O0 -g -Wall   -mno-hw-div -mno-hw-mul -mno-hw-mulx  -o PonteH.elf obj/default/hello_world.o -lm -msys-lib=m
nios2-elf-insert PonteH.elf --thread_model hal --cpu_name nios2_gen2_0 --qsys true --simulation_enabled false --stderr_dev jtag_uart_0 --stdin_dev jtag_uart_0 --stdout_dev jtag_uart_0 --sopc_system_name niosHello --quartus_project_dir "/home/parallels/Documents/EmbarcadosAvancados/aula03_1" --jdi ../..//output_files/aula02.jdi --sopcinfo /home/parallels/Documents/EmbarcadosAvancados/aula03_1/software/PonteH_bsp/../../niosHello.sopcinfo
Info: (PonteH.elf) 10 KBytes program size (code + initialized data).
Info:              123 KBytes free for stack + heap.
Info: Creating PonteH.objdump
nios2-elf-objdump --disassemble --syms --all-header --source PonteH.elf >PonteH.objdump
[PonteH build complete]
05:04:24 **** Incremental Build of configuration Nios II for project PonteH ****
make -j2 all 
Info: Building ../PonteH_bsp/
make --no-print-directory -C ../PonteH_bsp/
Info: Compiling hello_world.c to obj/default/hello_world.o
nios2-elf-gcc -xc -MP -MMD -c -I../PonteH_bsp//HAL/inc -I../PonteH_bsp/ -I../PonteH_bsp//drivers/inc  -pipe -D__hal__ -DALT_NO_INSTRUCTION_EMULATION -DALT_USE_SMALL_DRIVERS -DSMALL_C_LIB -DALT_SINGLE_THREADED    -O0 -g -Wall   -mno-hw-div -mno-hw-mul -mno-hw-mulx  -o obj/default/hello_world.o hello_world.c
hello_world.c: In function 'handle_button_interrupts':
hello_world.c:36:16: warning: unused variable 'edge_capture_ptr' [-Wunused-variable]
  volatile int *edge_capture_ptr = (volatile int *) context;
                ^
hello_world.c: In function 'init_pio':
hello_world.c:50:2: warning: implicit declaration of function 'alt_irq_register' [-Wimplicit-function-declaration]
  alt_irq_register(PIO_1_IRQ, edge_capture_ptr,
  ^
hello_world.c: In function 'main':
hello_world.c:75:11: warning: implicit declaration of function 'usleep' [-Wimplicit-function-declaration]
           usleep(500000); // remover durante a simulação
           ^
hello_world.c:57:17: warning: unused variable 'p_but' [-Wunused-variable]
   unsigned int *p_but = (unsigned int *) PIO_1_BASE;
                 ^
[BSP build complete]
Info: Linking PonteH.elf
nios2-elf-g++  -T'../PonteH_bsp//linker.x' -msys-crt0='../PonteH_bsp//obj/HAL/src/crt0.o' -msys-lib=hal_bsp -L../PonteH_bsp/  -msmallc  -Wl,-Map=PonteH.map   -O0 -g -Wall   -mno-hw-div -mno-hw-mul -mno-hw-mulx  -o PonteH.elf obj/default/hello_world.o -lm -msys-lib=m
nios2-elf-insert PonteH.elf --thread_model hal --cpu_name nios2_gen2_0 --qsys true --simulation_enabled false --stderr_dev jtag_uart_0 --stdin_dev jtag_uart_0 --stdout_dev jtag_uart_0 --sopc_system_name niosHello --quartus_project_dir "/home/parallels/Documents/EmbarcadosAvancados/aula03_1" --jdi ../..//output_files/aula02.jdi --sopcinfo /home/parallels/Documents/EmbarcadosAvancados/aula03_1/software/PonteH_bsp/../../niosHello.sopcinfo
Info: (PonteH.elf) 10 KBytes program size (code + initialized data).
Info:              123 KBytes free for stack + heap.
Info: Creating PonteH.objdump
nios2-elf-objdump --disassemble --syms --all-header --source PonteH.elf >PonteH.objdump
[PonteH build complete]
05:04:44 **** Incremental Build of configuration Nios II for project PonteH ****
make -j2 all 
Info: Building ../PonteH_bsp/
make --no-print-directory -C ../PonteH_bsp/
Info: Compiling hello_world.c to obj/default/hello_world.o
nios2-elf-gcc -xc -MP -MMD -c -I../PonteH_bsp//HAL/inc -I../PonteH_bsp/ -I../PonteH_bsp//drivers/inc  -pipe -D__hal__ -DALT_NO_INSTRUCTION_EMULATION -DALT_USE_SMALL_DRIVERS -DSMALL_C_LIB -DALT_SINGLE_THREADED    -O0 -g -Wall   -mno-hw-div -mno-hw-mul -mno-hw-mulx  -o obj/default/hello_world.o hello_world.c
hello_world.c: In function 'handle_button_interrupts':
hello_world.c:36:16: warning: unused variable 'edge_capture_ptr' [-Wunused-variable]
  volatile int *edge_capture_ptr = (volatile int *) context;
                ^
hello_world.c: In function 'init_pio':
hello_world.c:50:2: warning: implicit declaration of function 'alt_irq_register' [-Wimplicit-function-declaration]
  alt_irq_register(PIO_1_IRQ, edge_capture_ptr,
  ^
hello_world.c: In function 'main':
hello_world.c:75:11: warning: implicit declaration of function 'usleep' [-Wimplicit-function-declaration]
           usleep(500000); // remover durante a simulação
           ^
hello_world.c:57:17: warning: unused variable 'p_but' [-Wunused-variable]
   unsigned int *p_but = (unsigned int *) PIO_1_BASE;
                 ^
[BSP build complete]
Info: Linking PonteH.elf
nios2-elf-g++  -T'../PonteH_bsp//linker.x' -msys-crt0='../PonteH_bsp//obj/HAL/src/crt0.o' -msys-lib=hal_bsp -L../PonteH_bsp/  -msmallc  -Wl,-Map=PonteH.map   -O0 -g -Wall   -mno-hw-div -mno-hw-mul -mno-hw-mulx  -o PonteH.elf obj/default/hello_world.o -lm -msys-lib=m
nios2-elf-insert PonteH.elf --thread_model hal --cpu_name nios2_gen2_0 --qsys true --simulation_enabled false --stderr_dev jtag_uart_0 --stdin_dev jtag_uart_0 --stdout_dev jtag_uart_0 --sopc_system_name niosHello --quartus_project_dir "/home/parallels/Documents/EmbarcadosAvancados/aula03_1" --jdi ../..//output_files/aula02.jdi --sopcinfo /home/parallels/Documents/EmbarcadosAvancados/aula03_1/software/PonteH_bsp/../../niosHello.sopcinfo
Info: (PonteH.elf) 10 KBytes program size (code + initialized data).
Info:              123 KBytes free for stack + heap.
Info: Creating PonteH.objdump
nios2-elf-objdump --disassemble --syms --all-header --source PonteH.elf >PonteH.objdump
[PonteH build complete]
05:05:11 **** Incremental Build of configuration Nios II for project PonteH ****
make -j2 all 
Info: Building ../PonteH_bsp/
make --no-print-directory -C ../PonteH_bsp/
Info: Compiling hello_world.c to obj/default/hello_world.o
nios2-elf-gcc -xc -MP -MMD -c -I../PonteH_bsp//HAL/inc -I../PonteH_bsp/ -I../PonteH_bsp//drivers/inc  -pipe -D__hal__ -DALT_NO_INSTRUCTION_EMULATION -DALT_USE_SMALL_DRIVERS -DSMALL_C_LIB -DALT_SINGLE_THREADED    -O0 -g -Wall   -mno-hw-div -mno-hw-mul -mno-hw-mulx  -o obj/default/hello_world.o hello_world.c
hello_world.c: In function 'handle_button_interrupts':
hello_world.c:36:16: warning: unused variable 'edge_capture_ptr' [-Wunused-variable]
  volatile int *edge_capture_ptr = (volatile int *) context;
                ^
hello_world.c: In function 'init_pio':
hello_world.c:50:2: warning: implicit declaration of function 'alt_irq_register' [-Wimplicit-function-declaration]
  alt_irq_register(PIO_1_IRQ, edge_capture_ptr,
  ^
hello_world.c: In function 'main':
hello_world.c:75:11: warning: implicit declaration of function 'usleep' [-Wimplicit-function-declaration]
           usleep(500000); // remover durante a simulação
           ^
hello_world.c:57:17: warning: unused variable 'p_but' [-Wunused-variable]
   unsigned int *p_but = (unsigned int *) PIO_1_BASE;
                 ^
[BSP build complete]
Info: Linking PonteH.elf
nios2-elf-g++  -T'../PonteH_bsp//linker.x' -msys-crt0='../PonteH_bsp//obj/HAL/src/crt0.o' -msys-lib=hal_bsp -L../PonteH_bsp/  -msmallc  -Wl,-Map=PonteH.map   -O0 -g -Wall   -mno-hw-div -mno-hw-mul -mno-hw-mulx  -o PonteH.elf obj/default/hello_world.o -lm -msys-lib=m
nios2-elf-insert PonteH.elf --thread_model hal --cpu_name nios2_gen2_0 --qsys true --simulation_enabled false --stderr_dev jtag_uart_0 --stdin_dev jtag_uart_0 --stdout_dev jtag_uart_0 --sopc_system_name niosHello --quartus_project_dir "/home/parallels/Documents/EmbarcadosAvancados/aula03_1" --jdi ../..//output_files/aula02.jdi --sopcinfo /home/parallels/Documents/EmbarcadosAvancados/aula03_1/software/PonteH_bsp/../../niosHello.sopcinfo
Info: (PonteH.elf) 10 KBytes program size (code + initialized data).
Info:              123 KBytes free for stack + heap.
Info: Creating PonteH.objdump
nios2-elf-objdump --disassemble --syms --all-header --source PonteH.elf >PonteH.objdump
[PonteH build complete]
05:06:46 **** Incremental Build of configuration Nios II for project PonteH ****
make -j2 all 
Info: Building ../PonteH_bsp/
Info: Compiling hello_world.c to obj/default/hello_world.o
make --no-print-directory -C ../PonteH_bsp/
nios2-elf-gcc -xc -MP -MMD -c -I../PonteH_bsp//HAL/inc -I../PonteH_bsp/ -I../PonteH_bsp//drivers/inc  -pipe -D__hal__ -DALT_NO_INSTRUCTION_EMULATION -DALT_USE_SMALL_DRIVERS -DSMALL_C_LIB -DALT_SINGLE_THREADED    -O0 -g -Wall   -mno-hw-div -mno-hw-mul -mno-hw-mulx  -o obj/default/hello_world.o hello_world.c
hello_world.c: In function 'handle_button_interrupts':
hello_world.c:36:16: warning: unused variable 'edge_capture_ptr' [-Wunused-variable]
  volatile int *edge_capture_ptr = (volatile int *) context;
                ^
hello_world.c: In function 'init_pio':
hello_world.c:50:2: warning: implicit declaration of function 'alt_irq_register' [-Wimplicit-function-declaration]
  alt_irq_register(PIO_1_IRQ, edge_capture_ptr,
  ^
hello_world.c: In function 'main':
hello_world.c:76:11: warning: implicit declaration of function 'usleep' [-Wimplicit-function-declaration]
           usleep(500000); // remover durante a simulação
           ^
hello_world.c:57:17: warning: unused variable 'p_but' [-Wunused-variable]
   unsigned int *p_but = (unsigned int *) PIO_1_BASE;
                 ^
[BSP build complete]
Info: Linking PonteH.elf
nios2-elf-g++  -T'../PonteH_bsp//linker.x' -msys-crt0='../PonteH_bsp//obj/HAL/src/crt0.o' -msys-lib=hal_bsp -L../PonteH_bsp/  -msmallc  -Wl,-Map=PonteH.map   -O0 -g -Wall   -mno-hw-div -mno-hw-mul -mno-hw-mulx  -o PonteH.elf obj/default/hello_world.o -lm -msys-lib=m
nios2-elf-insert PonteH.elf --thread_model hal --cpu_name nios2_gen2_0 --qsys true --simulation_enabled false --stderr_dev jtag_uart_0 --stdin_dev jtag_uart_0 --stdout_dev jtag_uart_0 --sopc_system_name niosHello --quartus_project_dir "/home/parallels/Documents/EmbarcadosAvancados/aula03_1" --jdi ../..//output_files/aula02.jdi --sopcinfo /home/parallels/Documents/EmbarcadosAvancados/aula03_1/software/PonteH_bsp/../../niosHello.sopcinfo
Info: (PonteH.elf) 10 KBytes program size (code + initialized data).
Info:              123 KBytes free for stack + heap.
Info: Creating PonteH.objdump
nios2-elf-objdump --disassemble --syms --all-header --source PonteH.elf >PonteH.objdump
[PonteH build complete]
05:07:13 **** Incremental Build of configuration Nios II for project PonteH ****
make -j2 all 
Info: Building ../PonteH_bsp/
Info: Compiling hello_world.c to obj/default/hello_world.o
make --no-print-directory -C ../PonteH_bsp/
nios2-elf-gcc -xc -MP -MMD -c -I../PonteH_bsp//HAL/inc -I../PonteH_bsp/ -I../PonteH_bsp//drivers/inc  -pipe -D__hal__ -DALT_NO_INSTRUCTION_EMULATION -DALT_USE_SMALL_DRIVERS -DSMALL_C_LIB -DALT_SINGLE_THREADED    -O0 -g -Wall   -mno-hw-div -mno-hw-mul -mno-hw-mulx  -o obj/default/hello_world.o hello_world.c
hello_world.c: In function 'handle_button_interrupts':
hello_world.c:36:16: warning: unused variable 'edge_capture_ptr' [-Wunused-variable]
  volatile int *edge_capture_ptr = (volatile int *) context;
                ^
hello_world.c: In function 'init_pio':
hello_world.c:50:2: warning: implicit declaration of function 'alt_irq_register' [-Wimplicit-function-declaration]
  alt_irq_register(PIO_1_IRQ, edge_capture_ptr,
  ^
hello_world.c: In function 'main':
hello_world.c:76:11: warning: implicit declaration of function 'usleep' [-Wimplicit-function-declaration]
           usleep(500000); // remover durante a simulação
           ^
hello_world.c:57:17: warning: unused variable 'p_but' [-Wunused-variable]
   unsigned int *p_but = (unsigned int *) PIO_1_BASE;
                 ^
[BSP build complete]
Info: Linking PonteH.elf
nios2-elf-g++  -T'../PonteH_bsp//linker.x' -msys-crt0='../PonteH_bsp//obj/HAL/src/crt0.o' -msys-lib=hal_bsp -L../PonteH_bsp/  -msmallc  -Wl,-Map=PonteH.map   -O0 -g -Wall   -mno-hw-div -mno-hw-mul -mno-hw-mulx  -o PonteH.elf obj/default/hello_world.o -lm -msys-lib=m
nios2-elf-insert PonteH.elf --thread_model hal --cpu_name nios2_gen2_0 --qsys true --simulation_enabled false --stderr_dev jtag_uart_0 --stdin_dev jtag_uart_0 --stdout_dev jtag_uart_0 --sopc_system_name niosHello --quartus_project_dir "/home/parallels/Documents/EmbarcadosAvancados/aula03_1" --jdi ../..//output_files/aula02.jdi --sopcinfo /home/parallels/Documents/EmbarcadosAvancados/aula03_1/software/PonteH_bsp/../../niosHello.sopcinfo
Info: (PonteH.elf) 10 KBytes program size (code + initialized data).
Info:              123 KBytes free for stack + heap.
Info: Creating PonteH.objdump
nios2-elf-objdump --disassemble --syms --all-header --source PonteH.elf >PonteH.objdump
[PonteH build complete]
05:08:28 **** Incremental Build of configuration Nios II for project PonteH ****
make -j2 all 
Info: Building ../PonteH_bsp/
make --no-print-directory -C ../PonteH_bsp/
Info: Compiling hello_world.c to obj/default/hello_world.o
nios2-elf-gcc -xc -MP -MMD -c -I../PonteH_bsp//HAL/inc -I../PonteH_bsp/ -I../PonteH_bsp//drivers/inc  -pipe -D__hal__ -DALT_NO_INSTRUCTION_EMULATION -DALT_USE_SMALL_DRIVERS -DSMALL_C_LIB -DALT_SINGLE_THREADED    -O0 -g -Wall   -mno-hw-div -mno-hw-mul -mno-hw-mulx  -o obj/default/hello_world.o hello_world.c
hello_world.c: In function 'handle_button_interrupts':
hello_world.c:36:16: warning: unused variable 'edge_capture_ptr' [-Wunused-variable]
  volatile int *edge_capture_ptr = (volatile int *) context;
                ^
hello_world.c: In function 'init_pio':
hello_world.c:50:2: warning: implicit declaration of function 'alt_irq_register' [-Wimplicit-function-declaration]
  alt_irq_register(PIO_1_IRQ, edge_capture_ptr,
  ^
hello_world.c: In function 'main':
hello_world.c:60:3: error: invalid type argument of unary '*' (have 'int')
   *reversed = 0;
   ^
hello_world.c:76:11: warning: implicit declaration of function 'usleep' [-Wimplicit-function-declaration]
           usleep(500000); // remover durante a simulação
           ^
hello_world.c:57:17: warning: unused variable 'p_but' [-Wunused-variable]
   unsigned int *p_but = (unsigned int *) PIO_1_BASE;
                 ^
Makefile:775: recipe for target 'obj/default/hello_world.o' failed
make: *** [obj/default/hello_world.o] Error 1
make: *** Waiting for unfinished jobs....
[BSP build complete]
05:08:40 **** Incremental Build of configuration Nios II for project PonteH ****
make -j2 all 
Info: Building ../PonteH_bsp/
Info: Compiling hello_world.c to obj/default/hello_world.o
make --no-print-directory -C ../PonteH_bsp/
nios2-elf-gcc -xc -MP -MMD -c -I../PonteH_bsp//HAL/inc -I../PonteH_bsp/ -I../PonteH_bsp//drivers/inc  -pipe -D__hal__ -DALT_NO_INSTRUCTION_EMULATION -DALT_USE_SMALL_DRIVERS -DSMALL_C_LIB -DALT_SINGLE_THREADED    -O0 -g -Wall   -mno-hw-div -mno-hw-mul -mno-hw-mulx  -o obj/default/hello_world.o hello_world.c
hello_world.c: In function 'handle_button_interrupts':
hello_world.c:36:16: warning: unused variable 'edge_capture_ptr' [-Wunused-variable]
  volatile int *edge_capture_ptr = (volatile int *) context;
                ^
hello_world.c: In function 'init_pio':
hello_world.c:50:2: warning: implicit declaration of function 'alt_irq_register' [-Wimplicit-function-declaration]
  alt_irq_register(PIO_1_IRQ, edge_capture_ptr,
  ^
hello_world.c: In function 'main':
hello_world.c:60:3: error: invalid type argument of unary '*' (have 'int')
   *reversed = 0;
   ^
hello_world.c:76:11: warning: implicit declaration of function 'usleep' [-Wimplicit-function-declaration]
           usleep(500000); // remover durante a simulação
           ^
hello_world.c:57:17: warning: unused variable 'p_but' [-Wunused-variable]
   unsigned int *p_but = (unsigned int *) PIO_1_BASE;
                 ^
Makefile:775: recipe for target 'obj/default/hello_world.o' failed
make: *** [obj/default/hello_world.o] Error 1
make: *** Waiting for unfinished jobs....
[BSP build complete]
05:09:08 **** Incremental Build of configuration Nios II for project PonteH ****
make -j2 all 
Info: Building ../PonteH_bsp/
Info: Compiling hello_world.c to obj/default/hello_world.o
make --no-print-directory -C ../PonteH_bsp/
nios2-elf-gcc -xc -MP -MMD -c -I../PonteH_bsp//HAL/inc -I../PonteH_bsp/ -I../PonteH_bsp//drivers/inc  -pipe -D__hal__ -DALT_NO_INSTRUCTION_EMULATION -DALT_USE_SMALL_DRIVERS -DSMALL_C_LIB -DALT_SINGLE_THREADED    -O0 -g -Wall   -mno-hw-div -mno-hw-mul -mno-hw-mulx  -o obj/default/hello_world.o hello_world.c
hello_world.c: In function 'handle_button_interrupts':
hello_world.c:36:16: warning: unused variable 'edge_capture_ptr' [-Wunused-variable]
  volatile int *edge_capture_ptr = (volatile int *) context;
                ^
hello_world.c: In function 'init_pio':
hello_world.c:50:2: warning: implicit declaration of function 'alt_irq_register' [-Wimplicit-function-declaration]
  alt_irq_register(PIO_1_IRQ, edge_capture_ptr,
  ^
hello_world.c: In function 'main':
hello_world.c:76:11: warning: implicit declaration of function 'usleep' [-Wimplicit-function-declaration]
           usleep(500000); // remover durante a simulação
           ^
hello_world.c:57:17: warning: unused variable 'p_but' [-Wunused-variable]
   unsigned int *p_but = (unsigned int *) PIO_1_BASE;
                 ^
[BSP build complete]
Info: Linking PonteH.elf
nios2-elf-g++  -T'../PonteH_bsp//linker.x' -msys-crt0='../PonteH_bsp//obj/HAL/src/crt0.o' -msys-lib=hal_bsp -L../PonteH_bsp/  -msmallc  -Wl,-Map=PonteH.map   -O0 -g -Wall   -mno-hw-div -mno-hw-mul -mno-hw-mulx  -o PonteH.elf obj/default/hello_world.o -lm -msys-lib=m
nios2-elf-insert PonteH.elf --thread_model hal --cpu_name nios2_gen2_0 --qsys true --simulation_enabled false --stderr_dev jtag_uart_0 --stdin_dev jtag_uart_0 --stdout_dev jtag_uart_0 --sopc_system_name niosHello --quartus_project_dir "/home/parallels/Documents/EmbarcadosAvancados/aula03_1" --jdi ../..//output_files/aula02.jdi --sopcinfo /home/parallels/Documents/EmbarcadosAvancados/aula03_1/software/PonteH_bsp/../../niosHello.sopcinfo
Info: (PonteH.elf) 10 KBytes program size (code + initialized data).
Info:              123 KBytes free for stack + heap.
Info: Creating PonteH.objdump
nios2-elf-objdump --disassemble --syms --all-header --source PonteH.elf >PonteH.objdump
[PonteH build complete]
05:09:25 **** Incremental Build of configuration Nios II for project PonteH ****
make -j2 all 
Info: Compiling hello_world.c to obj/default/hello_world.o
Info: Building ../PonteH_bsp/
make --no-print-directory -C ../PonteH_bsp/
nios2-elf-gcc -xc -MP -MMD -c -I../PonteH_bsp//HAL/inc -I../PonteH_bsp/ -I../PonteH_bsp//drivers/inc  -pipe -D__hal__ -DALT_NO_INSTRUCTION_EMULATION -DALT_USE_SMALL_DRIVERS -DSMALL_C_LIB -DALT_SINGLE_THREADED    -O0 -g -Wall   -mno-hw-div -mno-hw-mul -mno-hw-mulx  -o obj/default/hello_world.o hello_world.c
hello_world.c: In function 'handle_button_interrupts':
hello_world.c:36:16: warning: unused variable 'edge_capture_ptr' [-Wunused-variable]
  volatile int *edge_capture_ptr = (volatile int *) context;
                ^
hello_world.c: In function 'init_pio':
hello_world.c:50:2: warning: implicit declaration of function 'alt_irq_register' [-Wimplicit-function-declaration]
  alt_irq_register(PIO_1_IRQ, edge_capture_ptr,
  ^
hello_world.c: In function 'main':
hello_world.c:76:11: warning: implicit declaration of function 'usleep' [-Wimplicit-function-declaration]
           usleep(500000); // remover durante a simulação
           ^
hello_world.c:57:17: warning: unused variable 'p_but' [-Wunused-variable]
   unsigned int *p_but = (unsigned int *) PIO_1_BASE;
                 ^
[BSP build complete]
Info: Linking PonteH.elf
nios2-elf-g++  -T'../PonteH_bsp//linker.x' -msys-crt0='../PonteH_bsp//obj/HAL/src/crt0.o' -msys-lib=hal_bsp -L../PonteH_bsp/  -msmallc  -Wl,-Map=PonteH.map   -O0 -g -Wall   -mno-hw-div -mno-hw-mul -mno-hw-mulx  -o PonteH.elf obj/default/hello_world.o -lm -msys-lib=m
nios2-elf-insert PonteH.elf --thread_model hal --cpu_name nios2_gen2_0 --qsys true --simulation_enabled false --stderr_dev jtag_uart_0 --stdin_dev jtag_uart_0 --stdout_dev jtag_uart_0 --sopc_system_name niosHello --quartus_project_dir "/home/parallels/Documents/EmbarcadosAvancados/aula03_1" --jdi ../..//output_files/aula02.jdi --sopcinfo /home/parallels/Documents/EmbarcadosAvancados/aula03_1/software/PonteH_bsp/../../niosHello.sopcinfo
Info: (PonteH.elf) 10 KBytes program size (code + initialized data).
Info:              123 KBytes free for stack + heap.
Info: Creating PonteH.objdump
nios2-elf-objdump --disassemble --syms --all-header --source PonteH.elf >PonteH.objdump
[PonteH build complete]
