04:49:25 **** Incremental Build of configuration Nios II for project PonteH ****
make -j2 all 
Info: Compiling hello_world.c to obj/default/hello_world.o
nios2-elf-gcc -xc -MP -MMD -c -I../PonteH_bsp//HAL/inc -I../PonteH_bsp/ -I../PonteH_bsp//drivers/inc  -pipe -D__hal__ -DALT_NO_INSTRUCTION_EMULATION -DALT_USE_SMALL_DRIVERS -DSMALL_C_LIB -DALT_SINGLE_THREADED    -O0 -g -Wall   -mno-hw-div -mno-hw-mul -mno-hw-mulx  -o obj/default/hello_world.o hello_world.c
Info: Building ../PonteH_bsp/
make --no-print-directory -C ../PonteH_bsp/
hello_world.c: In function 'handle_button_interrupts':
hello_world.c:53:16: warning: unused variable 'edge_capture_ptr' [-Wunused-variable]
  volatile int *edge_capture_ptr = (volatile int *) context;
                ^
hello_world.c: In function 'hbridge_enable_irq':
hello_world.c:85:2: warning: implicit declaration of function 'alt_irq_register' [-Wimplicit-function-declaration]
  alt_irq_register(p_pio_irq, edge_capture_ptr,
  ^
In file included from hello_world.c:18:0:
hello_world.c: In function 'main':
../PonteH_bsp/system.h:286:20: warning: passing argument 6 of 'hbridge_init' makes pointer from integer without a cast [-Wint-conversion]
 #define PIO_1_BASE 0x61020
                    ^
hello_world.c:113:42: note: in expansion of macro 'PIO_1_BASE'
   hbridge_init(p_avalon, 100, 15, 0, 15, PIO_1_BASE, PIO_1_IRQ);
                                          ^
hello_world.c:99:5: note: expected 'unsigned int *' but argument is of type 'int'
 int hbridge_init(unsigned *p_avalon, unsigned dc, unsigned timer, char rev,
     ^
In file included from hello_world.c:18:0:
../PonteH_bsp/system.h:286:20: warning: passing argument 1 of 'hbridge_enable_irq' makes pointer from integer without a cast [-Wint-conversion]
 #define PIO_1_BASE 0x61020
                    ^
hello_world.c:114:22: note: in expansion of macro 'PIO_1_BASE'
   hbridge_enable_irq(PIO_1_BASE, PIO_1_IRQ);
                      ^
hello_world.c:79:5: note: expected 'unsigned int *' but argument is of type 'int'
 int hbridge_enable_irq(unsigned *p_pio_base, unsigned *p_pio_irq)
     ^
hello_world.c:125:11: warning: implicit declaration of function 'usleep' [-Wimplicit-function-declaration]
           usleep(2000000); // remover durante a simulação
           ^
hello_world.c:109:7: warning: unused variable 'led' [-Wunused-variable]
   int led = 0;
       ^
[BSP build complete]
Info: Linking PonteH.elf
nios2-elf-g++  -T'../PonteH_bsp//linker.x' -msys-crt0='../PonteH_bsp//obj/HAL/src/crt0.o' -msys-lib=hal_bsp -L../PonteH_bsp/  -msmallc  -Wl,-Map=PonteH.map   -O0 -g -Wall   -mno-hw-div -mno-hw-mul -mno-hw-mulx  -o PonteH.elf obj/default/hello_world.o -lm -msys-lib=m
nios2-elf-insert PonteH.elf --thread_model hal --cpu_name nios2_gen2_0 --qsys true --simulation_enabled false --stderr_dev jtag_uart_0 --stdin_dev jtag_uart_0 --stdout_dev jtag_uart_0 --sopc_system_name niosHello --quartus_project_dir "/home/parallels/Documents/EmbarcadosAvancados/aula03_1" --jdi ../..//output_files/aula02.jdi --sopcinfo /home/parallels/Documents/EmbarcadosAvancados/aula03_1/software/PonteH_bsp/../../niosHello.sopcinfo
Info: (PonteH.elf) 10 KBytes program size (code + initialized data).
Info:              123 KBytes free for stack + heap.
Info: Creating PonteH.objdump
nios2-elf-objdump --disassemble --syms --all-header --source PonteH.elf >PonteH.objdump
[PonteH build complete]

04:49:26 Build Finished (took 588ms)

